;  LST file generated by mikroListExporter - v.2.0 
; Date/Time: 25/01/2024 12:53:01 p. m.
;----------------------------------------------

;Address Opcode 	ASM
0x0000	0xF000EF24  	GOTO        72
_interrupt:
;Interrupt.c,11 :: 		void interrupt(){
0x0008	0xF015C000  	MOVFF       R0, 21
;Interrupt.c,14 :: 		IOCCF = 0x00;
0x000C	0x010F      	MOVLB       15
0x000E	0x6B1A      	CLRF        IOCCF, 1
;Interrupt.c,15 :: 		PORTC_READ = PORTC;
0x0010	0xF016CF8F  	MOVFF       PORTC, _PORTC_READ
0x0014	0x0E00      	MOVLW       0
0x0016	0x6E17      	MOVWF       _PORTC_READ+1 
;Interrupt.c,17 :: 		if(PIR0.IOCIF == 1){
0x0018	0x010E      	MOVLB       14
0x001A	0xA9CA      	BTFSS       PIR0, 4, 1
0x001C	0xD009      	BRA         L_interrupt0
;Interrupt.c,18 :: 		if(PORTC_READ == 0x01){
0x001E	0x0E00      	MOVLW       0
0x0020	0x1817      	XORWF       _PORTC_READ+1, 0 
0x0022	0xE102      	BNZ         L__interrupt7
0x0024	0x0E01      	MOVLW       1
0x0026	0x1816      	XORWF       _PORTC_READ, 0 
L__interrupt7:
0x0028	0xB4D8      	BTFSC       STATUS, 2 
;Interrupt.c,19 :: 		LPLACA = 0;
0x002A	0x9883      	BCF         LATA, 4 
;Interrupt.c,20 :: 		}
L_interrupt1:
;Interrupt.c,21 :: 		IOCCF = 0x00;
0x002C	0x010F      	MOVLB       15
0x002E	0x6B1A      	CLRF        IOCCF, 1
;Interrupt.c,22 :: 		}
L_interrupt0:
;Interrupt.c,23 :: 		}
L_end_interrupt:
L__interrupt6:
0x0030	0xF000C015  	MOVFF       21, R0
0x0034	0x0011      	RETFIE      1
; end of _interrupt
___CC2DW:
;__Lib_System_xxK40.c,22 :: 		
;__Lib_System_xxK40.c,24 :: 		
0x0036	0x8E81      	BSF         NVMCON1, 7, 0
;__Lib_System_xxK40.c,25 :: 		
_CC2DL_Loop1:
;__Lib_System_xxK40.c,26 :: 		
0x0038	0x0009      	TBLRD*+
;__Lib_System_xxK40.c,27 :: 		
0x003A	0xFFE6CFF5  	MOVFF       TABLAT, POSTINC1
;__Lib_System_xxK40.c,28 :: 		
0x003E	0x0600      	DECF        R0, 1, 0
;__Lib_System_xxK40.c,29 :: 		
0x0040	0xE1FB      	BNZ         _CC2DL_Loop1
;__Lib_System_xxK40.c,30 :: 		
0x0042	0x0601      	DECF        R1, 1, 0
;__Lib_System_xxK40.c,31 :: 		
0x0044	0xE1F9      	BNZ         _CC2DL_Loop1
;__Lib_System_xxK40.c,33 :: 		
L_end___CC2DW:
0x0046	0x0012      	RETURN      0
; end of ___CC2DW
_main:
;Interrupt.c,25 :: 		void main() {
;Interrupt.c,27 :: 		ADCON1 = 0x0F;
0x0048	0x0E0F      	MOVLW       15
0x004A	0x010F      	MOVLB       15
0x004C	0x6F59      	MOVWF       ADCON1, 1
;Interrupt.c,29 :: 		ANSELC = 0;
0x004E	0x6B21      	CLRF        ANSELC, 1
;Interrupt.c,30 :: 		ANSELA = 0;
0x0050	0x6B11      	CLRF        ANSELA, 1
;Interrupt.c,32 :: 		TRISC = 0x01; // C0 y C1 quedan como entradas, los demas en salidas
0x0052	0x0E01      	MOVLW       1
0x0054	0x6E8A      	MOVWF       TRISC 
;Interrupt.c,33 :: 		TRISA = 0x00; // Puerto A como salida
0x0056	0x6A88      	CLRF        TRISA 
;Interrupt.c,35 :: 		PORTC = 0x00; // Dejamos C0 en linea alta
0x0058	0x6A8F      	CLRF        PORTC 
;Interrupt.c,36 :: 		PORTA = 0x10; // Dejamos A4 en linea alta y los demas en linea baja
0x005A	0x0E10      	MOVLW       16
0x005C	0x6E8D      	MOVWF       PORTA 
;Interrupt.c,38 :: 		LATC = 0x00; // Dejamos el registro de C0 en linea alta
0x005E	0x6A85      	CLRF        LATC 
;Interrupt.c,39 :: 		LATA = 0x10; // Dejamos el registro de A4 en linea alta
0x0060	0x0E10      	MOVLW       16
0x0062	0x6E83      	MOVWF       LATA 
;Interrupt.c,41 :: 		INTCON.IPEN = 0;
0x0064	0x9AF2      	BCF         INTCON, 5 
;Interrupt.c,42 :: 		INTCON.PEIE = 1;
0x0066	0x8CF2      	BSF         INTCON, 6 
;Interrupt.c,44 :: 		PIR0.IOCIF = 0;
0x0068	0x010E      	MOVLB       14
0x006A	0x99CA      	BCF         PIR0, 4, 1
;Interrupt.c,45 :: 		PIE0.IOCIE = 0;
0x006C	0x99C2      	BCF         PIE0, 4, 1
;Interrupt.c,47 :: 		IOCCF = 0x00;
0x006E	0x010F      	MOVLB       15
0x0070	0x6B1A      	CLRF        IOCCF, 1
;Interrupt.c,48 :: 		IOCCP = 0xFF;
0x0072	0x0EFF      	MOVLW       255
0x0074	0x6F1C      	MOVWF       IOCCP, 1
;Interrupt.c,49 :: 		IOCCN = 0xFF;
0x0076	0x0EFF      	MOVLW       255
0x0078	0x6F1B      	MOVWF       IOCCN, 1
;Interrupt.c,50 :: 		INTCON.GIE = 1;
0x007A	0x8EF2      	BSF         INTCON, 7 
;Interrupt.c,52 :: 		WPUC = 0xFF;
0x007C	0x0EFF      	MOVLW       255
0x007E	0x6F20      	MOVWF       WPUC, 1
;Interrupt.c,54 :: 		while(1){
L_main2:
;Interrupt.c,55 :: 		Delay_ms(10);
0x0080	0x0E41      	MOVLW       65
0x0082	0x6E0C      	MOVWF       R12, 0
0x0084	0x0EEE      	MOVLW       238
0x0086	0x6E0D      	MOVWF       R13, 0
L_main4:
0x0088	0x2E0D      	DECFSZ      R13, 1, 0
0x008A	0xD7FE      	BRA         L_main4
0x008C	0x2E0C      	DECFSZ      R12, 1, 0
0x008E	0xD7FC      	BRA         L_main4
0x0090	0x0000      	NOP
;Interrupt.c,56 :: 		}
0x0092	0xD7F6      	BRA         L_main2
;Interrupt.c,58 :: 		}
L_end_main:
0x0094	0xD7FF      	BRA         $+0
; end of _main
Symbol List:
//** Routines locations **
//ADDRESS    SIZE    PROCEDURE
//----------------------------------------------
0x0008      [46]    _interrupt
0x0036      [18]    ___CC2DW
0x0048      [78]    _main
//** Variables locations ** 
//ADDRESS    SIZE    VARIABLE
//----------------------------------------------
0x0000       [1]    R0
0x0001       [1]    R1
0x0002       [1]    R2
0x0003       [1]    R3
0x0004       [1]    R4
0x0005       [1]    R5
0x0006       [1]    R6
0x0007       [1]    R7
0x0008       [1]    R8
0x0009       [1]    R9
0x000A       [1]    R10
0x000B       [1]    R11
0x000C       [1]    R12
0x000D       [1]    R13
0x000E       [1]    R14
0x000F       [1]    R15
0x0010       [1]    R16
0x0011       [1]    R17
0x0012       [1]    R18
0x0013       [1]    R19
0x0014       [1]    R20
0x0016       [2]    _PORTC_READ
0x0EC2       [1]    PIE0
0x0ECA       [1]    PIR0
0x0F11       [1]    ANSELA
0x0F1A       [1]    IOCCF
0x0F1B       [1]    IOCCN
0x0F1C       [1]    IOCCP
0x0F20       [1]    WPUC
0x0F21       [1]    ANSELC
0x0F59       [1]    ADCON1
0x0F81       [1]    NVMCON1
0x0F83       [1]    LATA
0x0F85       [1]    LATC
0x0F88       [1]    TRISA
0x0F8A       [1]    TRISC
0x0F8D       [1]    PORTA
0x0F8F       [1]    PORTC
0x0FD8       [1]    STATUS
0x0FD9       [1]    FSR2L
0x0FDA       [1]    FSR2H
0x0FDE       [1]    POSTINC2
0x0FE0       [1]    BSR
0x0FE1       [1]    FSR1L
0x0FE2       [1]    FSR1H
0x0FE4       [1]    PREINC1
0x0FE6       [1]    POSTINC1
0x0FE7       [1]    INDF1
0x0FE8       [1]    WREG
0x0FE9       [1]    FSR0L
0x0FEA       [1]    FSR0H
0x0FEE       [1]    POSTINC0
0x0FF2       [1]    INTCON
0x0FF3       [1]    PRODL
0x0FF4       [1]    PRODH
0x0FF5       [1]    TABLAT
0x0FF6       [1]    TBLPTRL
0x0FF7       [1]    TBLPTRH
0x0FF8       [1]    TBLPTRU
