;  LST file generated by mikroListExporter - v.2.0 
; Date/Time: 22/01/2024 04:38:06 p. m.
;----------------------------------------------

;Address Opcode 	ASM
0x0000	0xF000EF2E  	GOTO        92
0x0004	0x0000      	NOP
0x0006	0x0000      	NOP
0x0008	0xF000EF00  	GOTO        0
0x000C	0x0000      	NOP
0x000E	0x0000      	NOP
0x0010	0x0000      	NOP
0x0012	0x0000      	NOP
0x0014	0x0000      	NOP
0x0016	0x0000      	NOP
0x0018	0xD7F3      	BRA         0
_InitPIC:
;MyProject.c,14 :: 		void InitPIC() {
;MyProject.c,16 :: 		ADCON1 = 0x0F;
0x001C	0x0E0F      	MOVLW       15
0x001E	0x010F      	MOVLB       15
0x0020	0x6F59      	MOVWF       ADCON1, 1
;MyProject.c,18 :: 		ANSELC = 0; // Ponemos los pines del puerto C en modo digital
0x0022	0x6B21      	CLRF        ANSELC, 1
;MyProject.c,19 :: 		ANSELE = 0; // Ponemos los pines del puerto E en modo digital
0x0024	0x6B2E      	CLRF        ANSELE, 1
;MyProject.c,20 :: 		ANSELA = 0; // Ponemos los pines del puerto A en modo digital
0x0026	0x6B11      	CLRF        ANSELA, 1
;MyProject.c,22 :: 		TRISC = 0x03; // Indicamos que C0 y C1 en el puerto C quedan en modo entrada, los demas en modo salida
0x0028	0x0E03      	MOVLW       3
0x002A	0x6E8A      	MOVWF       TRISC 
;MyProject.c,23 :: 		TRISE = 0x00; // Indicamos que el puerto E queda en modo salida
0x002C	0x6A8C      	CLRF        TRISE 
;MyProject.c,24 :: 		TRISA = 0x00; // Indicamos que el puerto A queda en modo salida
0x002E	0x6A88      	CLRF        TRISA 
;MyProject.c,26 :: 		PORTC = 0x00; // Ponemos al puerto C en ceros
0x0030	0x6A8F      	CLRF        PORTC 
;MyProject.c,27 :: 		PORTE = 0x00; // Ponemos al puerto E en ceros
0x0032	0x6A91      	CLRF        PORTE 
;MyProject.c,28 :: 		PORTA = 0x10; // Ponemos al puerto A en ceros
0x0034	0x0E10      	MOVLW       16
0x0036	0x6E8D      	MOVWF       PORTA 
;MyProject.c,30 :: 		LATC = 0x00; // Establecemos en cero el registro del puerto C
0x0038	0x6A85      	CLRF        LATC 
;MyProject.c,31 :: 		LATE = 0x00; // Establecemos en cero el registro del puerto E
0x003A	0x6A87      	CLRF        LATE 
;MyProject.c,32 :: 		LATA = 0x10; // Establecemos en cero el registro del puerto A
0x003C	0x0E10      	MOVLW       16
0x003E	0x6E83      	MOVWF       LATA 
;MyProject.c,33 :: 		flag01 = 0;
0x0040	0x9016      	BCF         _flag01, BitPos(_flag01+0) 
;MyProject.c,35 :: 		}
L_end_InitPIC:
0x0042	0x0012      	RETURN      0
; end of _InitPIC
_watch:
;MyProject.c,37 :: 		void watch(){
;MyProject.c,47 :: 		if(RC0_bit){
0x0044	0xB08F      	BTFSC       RC0_bit, BitPos(RC0_bit+0) 
;MyProject.c,48 :: 		flag01 = 1;
0x0046	0x8016      	BSF         _flag01, BitPos(_flag01+0) 
;MyProject.c,49 :: 		}
L_watch0:
;MyProject.c,51 :: 		}
L_end_watch:
0x0048	0x0012      	RETURN      0
; end of _watch
___CC2DW:
;__Lib_System_xxK40.c,22 :: 		
;__Lib_System_xxK40.c,24 :: 		
0x004A	0x8E81      	BSF         NVMCON1, 7, 0
;__Lib_System_xxK40.c,25 :: 		
_CC2DL_Loop1:
;__Lib_System_xxK40.c,26 :: 		
0x004C	0x0009      	TBLRD*+
;__Lib_System_xxK40.c,27 :: 		
0x004E	0xFFE6CFF5  	MOVFF       TABLAT, POSTINC1
;__Lib_System_xxK40.c,28 :: 		
0x0052	0x0600      	DECF        R0, 1, 0
;__Lib_System_xxK40.c,29 :: 		
0x0054	0xE1FB      	BNZ         _CC2DL_Loop1
;__Lib_System_xxK40.c,30 :: 		
0x0056	0x0601      	DECF        R1, 1, 0
;__Lib_System_xxK40.c,31 :: 		
0x0058	0xE1F9      	BNZ         _CC2DL_Loop1
;__Lib_System_xxK40.c,33 :: 		
L_end___CC2DW:
0x005A	0x0012      	RETURN      0
; end of ___CC2DW
_main:
0x005C	0x6A15      	CLRF        _AR1 
;MyProject.c,53 :: 		void main(){
;MyProject.c,55 :: 		InitPIC();
0x005E	0xDFDE      	RCALL       _InitPIC
;MyProject.c,56 :: 		watch();
0x0060	0xDFF1      	RCALL       _watch
;MyProject.c,58 :: 		if(flag01){
0x0062	0xB016      	BTFSC       _flag01, BitPos(_flag01+0) 
;MyProject.c,59 :: 		A1 = 1;
0x0064	0x8091      	BSF         PORTE, 0 
;MyProject.c,60 :: 		}
L_main1:
;MyProject.c,62 :: 		while(A1==1){
0x0066	0xB091      	BTFSC       PORTE, 0 
;MyProject.c,63 :: 		AR1 = AR1 + 1;
0x0068	0x2A15      	INCF        _AR1, 1 
;MyProject.c,65 :: 		}
L_main3:
;MyProject.c,67 :: 		if(AR1 <= 5){
0x006A	0x5015      	MOVF        _AR1, 0 
0x006C	0x0805      	SUBLW       5
0x006E	0xE31F      	BNC         L_main4
;MyProject.c,68 :: 		LED = 0;
0x0070	0x988D      	BCF         PORTA, 4 
;MyProject.c,69 :: 		Delay_ms(100);
0x0072	0x0E03      	MOVLW       3
0x0074	0x6E0B      	MOVWF       R11, 0
0x0076	0x0E8A      	MOVLW       138
0x0078	0x6E0C      	MOVWF       R12, 0
0x007A	0x0E55      	MOVLW       85
0x007C	0x6E0D      	MOVWF       R13, 0
L_main5:
0x007E	0x2E0D      	DECFSZ      R13, 1, 0
0x0080	0xD7FE      	BRA         L_main5
0x0082	0x2E0C      	DECFSZ      R12, 1, 0
0x0084	0xD7FC      	BRA         L_main5
0x0086	0x2E0B      	DECFSZ      R11, 1, 0
0x0088	0xD7FA      	BRA         L_main5
0x008A	0x0000      	NOP
0x008C	0x0000      	NOP
;MyProject.c,70 :: 		LED = 1;
0x008E	0x888D      	BSF         PORTA, 4 
;MyProject.c,71 :: 		Delay_ms(100);
0x0090	0x0E03      	MOVLW       3
0x0092	0x6E0B      	MOVWF       R11, 0
0x0094	0x0E8A      	MOVLW       138
0x0096	0x6E0C      	MOVWF       R12, 0
0x0098	0x0E55      	MOVLW       85
0x009A	0x6E0D      	MOVWF       R13, 0
L_main6:
0x009C	0x2E0D      	DECFSZ      R13, 1, 0
0x009E	0xD7FE      	BRA         L_main6
0x00A0	0x2E0C      	DECFSZ      R12, 1, 0
0x00A2	0xD7FC      	BRA         L_main6
0x00A4	0x2E0B      	DECFSZ      R11, 1, 0
0x00A6	0xD7FA      	BRA         L_main6
0x00A8	0x0000      	NOP
0x00AA	0x0000      	NOP
;MyProject.c,72 :: 		}
0x00AC	0xD001      	BRA         L_main7
L_main4:
;MyProject.c,74 :: 		LED = 0;
0x00AE	0x988D      	BCF         PORTA, 4 
;MyProject.c,75 :: 		}
L_main7:
;MyProject.c,95 :: 		}
L_end_main:
0x00B0	0xD7FF      	BRA         $+0
; end of _main
Symbol List:
//** Routines locations **
//ADDRESS    SIZE    PROCEDURE
//----------------------------------------------
0x001C      [40]    _InitPIC
0x0044       [6]    _watch
0x004A      [18]    ___CC2DW
0x005C      [86]    _main
//** Variables locations ** 
//ADDRESS    SIZE    VARIABLE
//----------------------------------------------
0x0000       [1]    R0
0x0001       [1]    R1
0x0002       [1]    R2
0x0003       [1]    R3
0x0004       [1]    R4
0x0005       [1]    R5
0x0006       [1]    R6
0x0007       [1]    R7
0x0008       [1]    R8
0x0009       [1]    R9
0x000A       [1]    R10
0x000B       [1]    R11
0x000C       [1]    R12
0x000D       [1]    R13
0x000E       [1]    R14
0x000F       [1]    R15
0x0010       [1]    R16
0x0011       [1]    R17
0x0012       [1]    R18
0x0013       [1]    R19
0x0014       [1]    R20
0x0015       [1]    _AR1
0x0016       [0]    _flag01
0x0F11       [1]    ANSELA
0x0F21       [1]    ANSELC
0x0F2E       [1]    ANSELE
0x0F59       [1]    ADCON1
0x0F81       [1]    NVMCON1
0x0F83       [1]    LATA
0x0F85       [1]    LATC
0x0F87       [1]    LATE
0x0F88       [1]    TRISA
0x0F8A       [1]    TRISC
0x0F8C       [1]    TRISE
0x0F8D       [1]    PORTA
0x0F8F       [0]    RC0_bit
0x0F8F       [1]    PORTC
0x0F91       [1]    PORTE
0x0FD8       [1]    STATUS
0x0FD9       [1]    FSR2L
0x0FDA       [1]    FSR2H
0x0FDE       [1]    POSTINC2
0x0FE0       [1]    BSR
0x0FE1       [1]    FSR1L
0x0FE2       [1]    FSR1H
0x0FE4       [1]    PREINC1
0x0FE6       [1]    POSTINC1
0x0FE7       [1]    INDF1
0x0FE8       [1]    WREG
0x0FE9       [1]    FSR0L
0x0FEA       [1]    FSR0H
0x0FEE       [1]    POSTINC0
0x0FF3       [1]    PRODL
0x0FF4       [1]    PRODH
0x0FF5       [1]    TABLAT
0x0FF6       [1]    TBLPTRL
0x0FF7       [1]    TBLPTRH
0x0FF8       [1]    TBLPTRU
