;  LST file generated by mikroListExporter - v.2.0 
; Date/Time: 19/01/2024 05:42:59 p. m.
;----------------------------------------------

;Address Opcode 	ASM
0x0000	0xF000EF0E  	GOTO        28
0x0004	0x0000      	NOP
0x0006	0x0000      	NOP
0x0008	0xF000EF00  	GOTO        0
0x000C	0x0000      	NOP
0x000E	0x0000      	NOP
0x0010	0x0000      	NOP
0x0012	0x0000      	NOP
0x0014	0x0000      	NOP
0x0016	0x0000      	NOP
0x0018	0xD7F3      	BRA         0
_main:
0x001C	0x010F      	MOVLB       15
0x001E	0x6B11      	CLRF        ANSELA, 1
0x0020	0x6B21      	CLRF        ANSELC, 1
0x0022	0x6B2E      	CLRF        ANSELE, 1
0x0024	0x0E03      	MOVLW       3
0x0026	0x6E8A      	MOVWF       TRISC 
0x0028	0x6A8C      	CLRF        TRISE 
0x002A	0x6A88      	CLRF        TRISA 
0x002C	0x6A8D      	CLRF        PORTA 
0x002E	0x6A91      	CLRF        PORTE 
0x0030	0x6A8F      	CLRF        PORTC 
0x0032	0x6A85      	CLRF        LATC 
0x0034	0x6A87      	CLRF        LATE 
0x0036	0x6A83      	CLRF        LATA 
0x0038	0x0E01      	MOVLW       1
0x003A	0x6E16      	MOVWF       _AR1 
0x003C	0x6A17      	CLRF        _AR2 
L_main0:
0x003E	0x0EFF      	MOVLW       255
0x0040	0x5C17      	SUBWF       _AR2, 0 
0x0042	0xE305      	BNC         L_main2
0x0044	0x8015      	BSF         _OF, BitPos(_OF+0) 
0x0046	0x0E01      	MOVLW       1
0x0048	0x6E16      	MOVWF       _AR1 
0x004A	0x6A17      	CLRF        _AR2 
0x004C	0xD001      	BRA         L_main3
L_main2:
0x004E	0x9015      	BCF         _OF, BitPos(_OF+0) 
L_main3:
0x0050	0xB08F      	BTFSC       RC0_bit, BitPos(RC0_bit+0) 
0x0052	0xD003      	BRA         L_main4
0x0054	0x8215      	BSF         _Flag01, BitPos(_Flag01+0) 
0x0056	0x888D      	BSF         RA4_bit, BitPos(RA4_bit+0) 
0x0058	0xD001      	BRA         L_main5
L_main4:
0x005A	0x9215      	BCF         _Flag01, BitPos(_Flag01+0) 
L_main5:
0x005C	0x0E03      	MOVLW       3
0x005E	0x6E0B      	MOVWF       R11, 0
0x0060	0x0E8A      	MOVLW       138
0x0062	0x6E0C      	MOVWF       R12, 0
0x0064	0x0E55      	MOVLW       85
0x0066	0x6E0D      	MOVWF       R13, 0
L_main6:
0x0068	0x2E0D      	DECFSZ      R13, 1, 0
0x006A	0xD7FE      	BRA         L_main6
0x006C	0x2E0C      	DECFSZ      R12, 1, 0
0x006E	0xD7FC      	BRA         L_main6
0x0070	0x2E0B      	DECFSZ      R11, 1, 0
0x0072	0xD7FA      	BRA         L_main6
0x0074	0x0000      	NOP
0x0076	0x0000      	NOP
L_main7:
0x0078	0xA215      	BTFSS       _Flag01, BitPos(_Flag01+0) 
0x007A	0xD012      	BRA         L_main9
0x007C	0x0E02      	MOVLW       2
0x007E	0x6E87      	MOVWF       LATE 
0x0080	0x2A17      	INCF        _AR2, 1 
0x0082	0x0E03      	MOVLW       3
0x0084	0x6E0B      	MOVWF       R11, 0
0x0086	0x0E8A      	MOVLW       138
0x0088	0x6E0C      	MOVWF       R12, 0
0x008A	0x0E55      	MOVLW       85
0x008C	0x6E0D      	MOVWF       R13, 0
L_main10:
0x008E	0x2E0D      	DECFSZ      R13, 1, 0
0x0090	0xD7FE      	BRA         L_main10
0x0092	0x2E0C      	DECFSZ      R12, 1, 0
0x0094	0xD7FC      	BRA         L_main10
0x0096	0x2E0B      	DECFSZ      R11, 1, 0
0x0098	0xD7FA      	BRA         L_main10
0x009A	0x0000      	NOP
0x009C	0x0000      	NOP
0x009E	0xD019      	BRA         L_main11
L_main9:
0x00A0	0xA215      	BTFSS       _Flag01, BitPos(_Flag01+0) 
0x00A2	0xD015      	BRA         L_main14
0x00A4	0x5017      	MOVF        _AR2, 0 
0x00A6	0x5C16      	SUBWF       _AR1, 0 
0x00A8	0xE212      	BC          L_main14
L__main17:
0x00AA	0x0E01      	MOVLW       1
0x00AC	0x6E87      	MOVWF       LATE 
0x00AE	0x2A16      	INCF        _AR1, 1 
0x00B0	0x0E03      	MOVLW       3
0x00B2	0x6E0B      	MOVWF       R11, 0
0x00B4	0x0E8A      	MOVLW       138
0x00B6	0x6E0C      	MOVWF       R12, 0
0x00B8	0x0E55      	MOVLW       85
0x00BA	0x6E0D      	MOVWF       R13, 0
L_main15:
0x00BC	0x2E0D      	DECFSZ      R13, 1, 0
0x00BE	0xD7FE      	BRA         L_main15
0x00C0	0x2E0C      	DECFSZ      R12, 1, 0
0x00C2	0xD7FC      	BRA         L_main15
0x00C4	0x2E0B      	DECFSZ      R11, 1, 0
0x00C6	0xD7FA      	BRA         L_main15
0x00C8	0x0000      	NOP
0x00CA	0x0000      	NOP
0x00CC	0xD002      	BRA         L_main16
L_main14:
0x00CE	0x6A87      	CLRF        LATE 
0x00D0	0x888D      	BSF         RA4_bit, BitPos(RA4_bit+0) 
L_main16:
L_main11:
0x00D2	0xD7D2      	BRA         L_main7
L_end_main:
0x00D4	0xD7FF      	BRA         $+0
; end of _main
Symbol List:
//** Routines locations **
//ADDRESS    SIZE    PROCEDURE
//----------------------------------------------
0x001C     [186]    _main
//** Variables locations ** 
//ADDRESS    SIZE    VARIABLE
//----------------------------------------------
0x0000       [1]    R0
0x0001       [1]    R1
0x0002       [1]    R2
0x0003       [1]    R3
0x0004       [1]    R4
0x0005       [1]    R5
0x0006       [1]    R6
0x0007       [1]    R7
0x0008       [1]    R8
0x0009       [1]    R9
0x000A       [1]    R10
0x000B       [1]    R11
0x000C       [1]    R12
0x000D       [1]    R13
0x000E       [1]    R14
0x000F       [1]    R15
0x0010       [1]    R16
0x0011       [1]    R17
0x0012       [1]    R18
0x0013       [1]    R19
0x0014       [1]    R20
0x0015       [0]    _Flag01
0x0015       [0]    _OF
0x0016       [1]    _AR1
0x0017       [1]    _AR2
0x0F11       [1]    ANSELA
0x0F21       [1]    ANSELC
0x0F2E       [1]    ANSELE
0x0F83       [1]    LATA
0x0F85       [1]    LATC
0x0F87       [1]    LATE
0x0F88       [1]    TRISA
0x0F8A       [1]    TRISC
0x0F8C       [1]    TRISE
0x0F8D       [0]    RA4_bit
0x0F8D       [1]    PORTA
0x0F8F       [1]    PORTC
0x0F8F       [0]    RC0_bit
0x0F91       [1]    PORTE
0x0FD8       [1]    STATUS
0x0FD9       [1]    FSR2L
0x0FDA       [1]    FSR2H
0x0FDE       [1]    POSTINC2
0x0FE0       [1]    BSR
0x0FE1       [1]    FSR1L
0x0FE2       [1]    FSR1H
0x0FE4       [1]    PREINC1
0x0FE6       [1]    POSTINC1
0x0FE7       [1]    INDF1
0x0FE8       [1]    WREG
0x0FE9       [1]    FSR0L
0x0FEA       [1]    FSR0H
0x0FEE       [1]    POSTINC0
0x0FF3       [1]    PRODL
0x0FF4       [1]    PRODH
0x0FF5       [1]    TABLAT
0x0FF6       [1]    TBLPTRL
0x0FF7       [1]    TBLPTRH
0x0FF8       [1]    TBLPTRU
