;  LST file generated by mikroListExporter - v.2.0 
; Date/Time: 5/29/2024 04:13:51 PM
;----------------------------------------------

;Address Opcode 	ASM
0x0000	0xF002EF97  	GOTO        1326
_interrupt:
;FIRMWARE_SYA_ver_1_3_0.c,101 :: 		void interrupt(){
0x0008	0xF019C000  	MOVFF       R0, 25
0x000C	0xF018C001  	MOVFF       R1, 24
0x0010	0xF017C00B  	MOVFF       R11, 23
0x0014	0xF016C00C  	MOVFF       R12, 22
0x0018	0xF015C00D  	MOVFF       R13, 21
;FIRMWARE_SYA_ver_1_3_0.c,103 :: 		if(PIR0.TMR0IF){
0x001C	0x010E      	MOVLB       14
0x001E	0xABCA      	BTFSS       PIR0, 5, 1
0x0020	0xD01E      	BRA         L_interrupt0
;FIRMWARE_SYA_ver_1_3_0.c,104 :: 		TMR0H = 0x3C;      // Timer para cada segundo y medio?
0x0022	0x0E3C      	MOVLW       60
0x0024	0x6ED4      	MOVWF       TMR0H 
;FIRMWARE_SYA_ver_1_3_0.c,105 :: 		TMR0L = 0xB0;      //
0x0026	0x0EB0      	MOVLW       176
0x0028	0x6ED3      	MOVWF       TMR0L 
;FIRMWARE_SYA_ver_1_3_0.c,106 :: 		PIR0.TMR0IF = 0;
0x002A	0x9BCA      	BCF         PIR0, 5, 1
;FIRMWARE_SYA_ver_1_3_0.c,107 :: 		counter++;
0x002C	0x0E01      	MOVLW       1
0x002E	0x2420      	ADDWF       _counter, 0 
0x0030	0x6E00      	MOVWF       R0 
0x0032	0x0E00      	MOVLW       0
0x0034	0x2021      	ADDWFC      _counter+1, 0 
0x0036	0x6E01      	MOVWF       R1 
0x0038	0xF020C000  	MOVFF       R0, _counter
0x003C	0xF021C001  	MOVFF       R1, _counter+1
;FIRMWARE_SYA_ver_1_3_0.c,108 :: 		if(counter >= 200){
0x0040	0x0E80      	MOVLW       128
0x0042	0x1821      	XORWF       _counter+1, 0 
0x0044	0x6E00      	MOVWF       R0 
0x0046	0x0E80      	MOVLW       128
0x0048	0x5C00      	SUBWF       R0, 0 
0x004A	0xE102      	BNZ         L__interrupt147
0x004C	0x0EC8      	MOVLW       200
0x004E	0x5C20      	SUBWF       _counter, 0 
L__interrupt147:
0x0050	0xE306      	BNC         L_interrupt1
;FIRMWARE_SYA_ver_1_3_0.c,109 :: 		LED = ~LED;
0x0052	0x7883      	BTG         LATA, 4 
;FIRMWARE_SYA_ver_1_3_0.c,110 :: 		Events();
0x0054	0xD90F      	RCALL       _Events
;FIRMWARE_SYA_ver_1_3_0.c,111 :: 		PIE0.TMR0IE = 0;
0x0056	0x010E      	MOVLB       14
0x0058	0x9BC2      	BCF         PIE0, 5, 1
;FIRMWARE_SYA_ver_1_3_0.c,112 :: 		counter = 0;
0x005A	0x6A20      	CLRF        _counter 
0x005C	0x6A21      	CLRF        _counter+1 
;FIRMWARE_SYA_ver_1_3_0.c,113 :: 		}
L_interrupt1:
;FIRMWARE_SYA_ver_1_3_0.c,114 :: 		}
L_interrupt0:
;FIRMWARE_SYA_ver_1_3_0.c,115 :: 		if(PIR4.TMR1IF){
0x005E	0xA1CE      	BTFSS       PIR4, 0, 1
0x0060	0xD01C      	BRA         L_interrupt2
;FIRMWARE_SYA_ver_1_3_0.c,116 :: 		TMR1H = 0xEC;
0x0062	0x0EEC      	MOVLW       236
0x0064	0x6ECE      	MOVWF       TMR1H 
;FIRMWARE_SYA_ver_1_3_0.c,117 :: 		TMR1L = 0x78;
0x0066	0x0E78      	MOVLW       120
0x0068	0x6ECD      	MOVWF       TMR1L 
;FIRMWARE_SYA_ver_1_3_0.c,118 :: 		PIR4.TMR1IF = 0;
0x006A	0x91CE      	BCF         PIR4, 0, 1
;FIRMWARE_SYA_ver_1_3_0.c,119 :: 		counter1++;
0x006C	0x0E01      	MOVLW       1
0x006E	0x2424      	ADDWF       _counter1, 0 
0x0070	0x6E00      	MOVWF       R0 
0x0072	0x0E00      	MOVLW       0
0x0074	0x2025      	ADDWFC      _counter1+1, 0 
0x0076	0x6E01      	MOVWF       R1 
0x0078	0xF024C000  	MOVFF       R0, _counter1
0x007C	0xF025C001  	MOVFF       R1, _counter1+1
;FIRMWARE_SYA_ver_1_3_0.c,120 :: 		if(counter1 >= 1000){
0x0080	0x0E80      	MOVLW       128
0x0082	0x1825      	XORWF       _counter1+1, 0 
0x0084	0x6E00      	MOVWF       R0 
0x0086	0x0E80      	MOVLW       128
0x0088	0x0A03      	XORLW       3
0x008A	0x5C00      	SUBWF       R0, 0 
0x008C	0xE102      	BNZ         L__interrupt148
0x008E	0x0EE8      	MOVLW       232
0x0090	0x5C24      	SUBWF       _counter1, 0 
L__interrupt148:
0x0092	0xE303      	BNC         L_interrupt3
;FIRMWARE_SYA_ver_1_3_0.c,121 :: 		M4 = ~M4;
0x0094	0x7487      	BTG         LATE, 2 
;FIRMWARE_SYA_ver_1_3_0.c,122 :: 		counter1 = 0;
0x0096	0x6A24      	CLRF        _counter1 
0x0098	0x6A25      	CLRF        _counter1+1 
;FIRMWARE_SYA_ver_1_3_0.c,123 :: 		}
L_interrupt3:
;FIRMWARE_SYA_ver_1_3_0.c,124 :: 		}
L_interrupt2:
;FIRMWARE_SYA_ver_1_3_0.c,125 :: 		if(1 == IOCCF.B0){
0x009A	0x010F      	MOVLB       15
0x009C	0xA11A      	BTFSS       IOCCF, 0, 1
0x009E	0xD037      	BRA         L_interrupt4
;FIRMWARE_SYA_ver_1_3_0.c,126 :: 		IOCCF.B0 = 0; // Limpiamos la bandera de IOC
0x00A0	0x911A      	BCF         IOCCF, 0, 1
;FIRMWARE_SYA_ver_1_3_0.c,127 :: 		interruptC0 = 1; // Ponemos en 1 la bandera de interrupcion en C0
0x00A2	0x0E01      	MOVLW       1
0x00A4	0x6E28      	MOVWF       _interruptC0 
0x00A6	0x0E00      	MOVLW       0
0x00A8	0x6E29      	MOVWF       _interruptC0+1 
;FIRMWARE_SYA_ver_1_3_0.c,128 :: 		Delay_ms(100);
0x00AA	0x0E03      	MOVLW       3
0x00AC	0x6E0B      	MOVWF       R11, 0
0x00AE	0x0E8A      	MOVLW       138
0x00B0	0x6E0C      	MOVWF       R12, 0
0x00B2	0x0E55      	MOVLW       85
0x00B4	0x6E0D      	MOVWF       R13, 0
L_interrupt5:
0x00B6	0x2E0D      	DECFSZ      R13, 1, 0
0x00B8	0xD7FE      	BRA         L_interrupt5
0x00BA	0x2E0C      	DECFSZ      R12, 1, 0
0x00BC	0xD7FC      	BRA         L_interrupt5
0x00BE	0x2E0B      	DECFSZ      R11, 1, 0
0x00C0	0xD7FA      	BRA         L_interrupt5
0x00C2	0x0000      	NOP
0x00C4	0x0000      	NOP
;FIRMWARE_SYA_ver_1_3_0.c,129 :: 		if(1 == SWITCH1){
0x00C6	0xA08F      	BTFSS       PORTC, 0 
0x00C8	0xD005      	BRA         L_interrupt6
;FIRMWARE_SYA_ver_1_3_0.c,130 :: 		sn_PosEdge_1 = 0;
0x00CA	0x9C2C      	BCF         _sn_PosEdge_1, BitPos(_sn_PosEdge_1+0) 
;FIRMWARE_SYA_ver_1_3_0.c,131 :: 		sn_NegEdge_1 = 1;
0x00CC	0x8A2C      	BSF         _sn_NegEdge_1, BitPos(_sn_NegEdge_1+0) 
;FIRMWARE_SYA_ver_1_3_0.c,132 :: 		interruptC0 = 0;
0x00CE	0x6A28      	CLRF        _interruptC0 
0x00D0	0x6A29      	CLRF        _interruptC0+1 
;FIRMWARE_SYA_ver_1_3_0.c,133 :: 		}
0x00D2	0xD01D      	BRA         L_interrupt7
L_interrupt6:
;FIRMWARE_SYA_ver_1_3_0.c,135 :: 		sn_GoToGT = 1;
0x00D4	0x0E01      	MOVLW       1
0x00D6	0x6E1C      	MOVWF       _sn_GoToGT 
0x00D8	0x0E00      	MOVLW       0
0x00DA	0x6E1D      	MOVWF       _sn_GoToGT+1 
;FIRMWARE_SYA_ver_1_3_0.c,136 :: 		sn_PosEdge_1 = 1;
0x00DC	0x8C2C      	BSF         _sn_PosEdge_1, BitPos(_sn_PosEdge_1+0) 
;FIRMWARE_SYA_ver_1_3_0.c,137 :: 		sn_NegEdge_1 = 0;
0x00DE	0x9A2C      	BCF         _sn_NegEdge_1, BitPos(_sn_NegEdge_1+0) 
;FIRMWARE_SYA_ver_1_3_0.c,138 :: 		next_state = s0;
0x00E0	0x6A2B      	CLRF        _next_state 
;FIRMWARE_SYA_ver_1_3_0.c,139 :: 		interruptC0 = 0;
0x00E2	0x6A28      	CLRF        _interruptC0 
0x00E4	0x6A29      	CLRF        _interruptC0+1 
;FIRMWARE_SYA_ver_1_3_0.c,140 :: 		if(!SWITCH2){
0x00E6	0xB28F      	BTFSC       PORTC, 1 
0x00E8	0xD00A      	BRA         L_interrupt8
;FIRMWARE_SYA_ver_1_3_0.c,141 :: 		next_state = s4;
0x00EA	0x0E04      	MOVLW       4
0x00EC	0x6E2B      	MOVWF       _next_state 
;FIRMWARE_SYA_ver_1_3_0.c,142 :: 		if(!SWITCH3){
0x00EE	0xB48F      	BTFSC       PORTC, 2 
0x00F0	0xD003      	BRA         L_interrupt9
;FIRMWARE_SYA_ver_1_3_0.c,143 :: 		next_state = s5;
0x00F2	0x0E05      	MOVLW       5
0x00F4	0x6E2B      	MOVWF       _next_state 
;FIRMWARE_SYA_ver_1_3_0.c,144 :: 		}
0x00F6	0xD002      	BRA         L_interrupt10
L_interrupt9:
;FIRMWARE_SYA_ver_1_3_0.c,146 :: 		next_state = s4;
0x00F8	0x0E04      	MOVLW       4
0x00FA	0x6E2B      	MOVWF       _next_state 
;FIRMWARE_SYA_ver_1_3_0.c,147 :: 		}
L_interrupt10:
;FIRMWARE_SYA_ver_1_3_0.c,148 :: 		}
0x00FC	0xD008      	BRA         L_interrupt11
L_interrupt8:
;FIRMWARE_SYA_ver_1_3_0.c,150 :: 		next_state = s7;
0x00FE	0x0E07      	MOVLW       7
0x0100	0x6E2B      	MOVWF       _next_state 
;FIRMWARE_SYA_ver_1_3_0.c,151 :: 		if(!SWITCH3){
0x0102	0xB48F      	BTFSC       PORTC, 2 
0x0104	0xD003      	BRA         L_interrupt12
;FIRMWARE_SYA_ver_1_3_0.c,152 :: 		next_state = s5;
0x0106	0x0E05      	MOVLW       5
0x0108	0x6E2B      	MOVWF       _next_state 
;FIRMWARE_SYA_ver_1_3_0.c,153 :: 		}
0x010A	0xD001      	BRA         L_interrupt13
L_interrupt12:
;FIRMWARE_SYA_ver_1_3_0.c,155 :: 		next_state = s0;
0x010C	0x6A2B      	CLRF        _next_state 
;FIRMWARE_SYA_ver_1_3_0.c,156 :: 		}
L_interrupt13:
;FIRMWARE_SYA_ver_1_3_0.c,157 :: 		}
L_interrupt11:
;FIRMWARE_SYA_ver_1_3_0.c,158 :: 		}
L_interrupt7:
;FIRMWARE_SYA_ver_1_3_0.c,160 :: 		}
L_interrupt4:
0x010E	0x010F      	MOVLB       15
;FIRMWARE_SYA_ver_1_3_0.c,162 :: 		if(1 == IOCCF.B1){
0x0110	0xA31A      	BTFSS       IOCCF, 1, 1
0x0112	0xD02D      	BRA         L_interrupt14
;FIRMWARE_SYA_ver_1_3_0.c,163 :: 		IOCCF.B1 = 0; // Limpiamos la bandera de IOC
0x0114	0x931A      	BCF         IOCCF, 1, 1
;FIRMWARE_SYA_ver_1_3_0.c,164 :: 		interruptC1 = 1; // Ponemos en 1 la bandera de interrupcion en C0
0x0116	0x0E01      	MOVLW       1
0x0118	0x6E26      	MOVWF       _interruptC1 
0x011A	0x0E00      	MOVLW       0
0x011C	0x6E27      	MOVWF       _interruptC1+1 
;FIRMWARE_SYA_ver_1_3_0.c,165 :: 		Delay_ms(100);
0x011E	0x0E03      	MOVLW       3
0x0120	0x6E0B      	MOVWF       R11, 0
0x0122	0x0E8A      	MOVLW       138
0x0124	0x6E0C      	MOVWF       R12, 0
0x0126	0x0E55      	MOVLW       85
0x0128	0x6E0D      	MOVWF       R13, 0
L_interrupt15:
0x012A	0x2E0D      	DECFSZ      R13, 1, 0
0x012C	0xD7FE      	BRA         L_interrupt15
0x012E	0x2E0C      	DECFSZ      R12, 1, 0
0x0130	0xD7FC      	BRA         L_interrupt15
0x0132	0x2E0B      	DECFSZ      R11, 1, 0
0x0134	0xD7FA      	BRA         L_interrupt15
0x0136	0x0000      	NOP
0x0138	0x0000      	NOP
;FIRMWARE_SYA_ver_1_3_0.c,166 :: 		if(1 == SWITCH2){
0x013A	0xA28F      	BTFSS       PORTC, 1 
0x013C	0xD00B      	BRA         L_interrupt16
;FIRMWARE_SYA_ver_1_3_0.c,167 :: 		sn_PosEdge_2 = 0;
0x013E	0x922C      	BCF         _sn_PosEdge_2, BitPos(_sn_PosEdge_2+0) 
;FIRMWARE_SYA_ver_1_3_0.c,168 :: 		sn_NegEdge_2 = 1;
0x0140	0x802F      	BSF         _sn_NegEdge_2, BitPos(_sn_NegEdge_2+0) 
;FIRMWARE_SYA_ver_1_3_0.c,169 :: 		interruptC1 = 0;
0x0142	0x6A26      	CLRF        _interruptC1 
0x0144	0x6A27      	CLRF        _interruptC1+1 
;FIRMWARE_SYA_ver_1_3_0.c,170 :: 		if(!SWITCH1){
0x0146	0xB08F      	BTFSC       PORTC, 0 
0x0148	0xD004      	BRA         L_interrupt17
;FIRMWARE_SYA_ver_1_3_0.c,171 :: 		sn_GoToGT = 1;
0x014A	0x0E01      	MOVLW       1
0x014C	0x6E1C      	MOVWF       _sn_GoToGT 
0x014E	0x0E00      	MOVLW       0
0x0150	0x6E1D      	MOVWF       _sn_GoToGT+1 
;FIRMWARE_SYA_ver_1_3_0.c,172 :: 		}
L_interrupt17:
;FIRMWARE_SYA_ver_1_3_0.c,173 :: 		}
0x0152	0xD00D      	BRA         L_interrupt18
L_interrupt16:
;FIRMWARE_SYA_ver_1_3_0.c,175 :: 		sn_PosEdge_2 = 1;
0x0154	0x822C      	BSF         _sn_PosEdge_2, BitPos(_sn_PosEdge_2+0) 
;FIRMWARE_SYA_ver_1_3_0.c,176 :: 		sn_NegEdge_2 = 0;
0x0156	0x902F      	BCF         _sn_NegEdge_2, BitPos(_sn_NegEdge_2+0) 
;FIRMWARE_SYA_ver_1_3_0.c,177 :: 		next_state = s4;
0x0158	0x0E04      	MOVLW       4
0x015A	0x6E2B      	MOVWF       _next_state 
;FIRMWARE_SYA_ver_1_3_0.c,178 :: 		interruptC1 = 0;
0x015C	0x6A26      	CLRF        _interruptC1 
0x015E	0x6A27      	CLRF        _interruptC1+1 
;FIRMWARE_SYA_ver_1_3_0.c,179 :: 		if(!SWITCH3){
0x0160	0xB48F      	BTFSC       PORTC, 2 
0x0162	0xD003      	BRA         L_interrupt19
;FIRMWARE_SYA_ver_1_3_0.c,180 :: 		next_state = s5;
0x0164	0x0E05      	MOVLW       5
0x0166	0x6E2B      	MOVWF       _next_state 
;FIRMWARE_SYA_ver_1_3_0.c,181 :: 		}
0x0168	0xD002      	BRA         L_interrupt20
L_interrupt19:
;FIRMWARE_SYA_ver_1_3_0.c,183 :: 		next_state = s4;
0x016A	0x0E04      	MOVLW       4
0x016C	0x6E2B      	MOVWF       _next_state 
;FIRMWARE_SYA_ver_1_3_0.c,184 :: 		}
L_interrupt20:
;FIRMWARE_SYA_ver_1_3_0.c,185 :: 		}
L_interrupt18:
;FIRMWARE_SYA_ver_1_3_0.c,187 :: 		}
L_interrupt14:
0x016E	0x010F      	MOVLB       15
;FIRMWARE_SYA_ver_1_3_0.c,189 :: 		if(1 == IOCCF.B2){
0x0170	0xA51A      	BTFSS       IOCCF, 2, 1
0x0172	0xD030      	BRA         L_interrupt21
;FIRMWARE_SYA_ver_1_3_0.c,190 :: 		IOCCF.B2 = 0; // Limpiamos la bandera de IOC
0x0174	0x951A      	BCF         IOCCF, 2, 1
;FIRMWARE_SYA_ver_1_3_0.c,191 :: 		interruptC2 = 1; // Ponemos en 1 la bandera de interrupcion en C0
0x0176	0x0E01      	MOVLW       1
0x0178	0x6E22      	MOVWF       _interruptC2 
0x017A	0x0E00      	MOVLW       0
0x017C	0x6E23      	MOVWF       _interruptC2+1 
;FIRMWARE_SYA_ver_1_3_0.c,192 :: 		Delay_ms(100);
0x017E	0x0E03      	MOVLW       3
0x0180	0x6E0B      	MOVWF       R11, 0
0x0182	0x0E8A      	MOVLW       138
0x0184	0x6E0C      	MOVWF       R12, 0
0x0186	0x0E55      	MOVLW       85
0x0188	0x6E0D      	MOVWF       R13, 0
L_interrupt22:
0x018A	0x2E0D      	DECFSZ      R13, 1, 0
0x018C	0xD7FE      	BRA         L_interrupt22
0x018E	0x2E0C      	DECFSZ      R12, 1, 0
0x0190	0xD7FC      	BRA         L_interrupt22
0x0192	0x2E0B      	DECFSZ      R11, 1, 0
0x0194	0xD7FA      	BRA         L_interrupt22
0x0196	0x0000      	NOP
0x0198	0x0000      	NOP
;FIRMWARE_SYA_ver_1_3_0.c,193 :: 		if(1 == SWITCH3){
0x019A	0xA48F      	BTFSS       PORTC, 2 
0x019C	0xD015      	BRA         L_interrupt23
;FIRMWARE_SYA_ver_1_3_0.c,194 :: 		sn_PosEdge_3 = 0;
0x019E	0x902C      	BCF         _sn_PosEdge_3, BitPos(_sn_PosEdge_3+0) 
;FIRMWARE_SYA_ver_1_3_0.c,195 :: 		sn_NegEdge_3 = 1;
0x01A0	0x8E2C      	BSF         _sn_NegEdge_3, BitPos(_sn_NegEdge_3+0) 
;FIRMWARE_SYA_ver_1_3_0.c,196 :: 		interruptC2 = 0;
0x01A2	0x6A22      	CLRF        _interruptC2 
0x01A4	0x6A23      	CLRF        _interruptC2+1 
;FIRMWARE_SYA_ver_1_3_0.c,197 :: 		if(!SWITCH1){
0x01A6	0xB08F      	BTFSC       PORTC, 0 
0x01A8	0xD008      	BRA         L_interrupt24
;FIRMWARE_SYA_ver_1_3_0.c,198 :: 		sn_GoToGT = 1;
0x01AA	0x0E01      	MOVLW       1
0x01AC	0x6E1C      	MOVWF       _sn_GoToGT 
0x01AE	0x0E00      	MOVLW       0
0x01B0	0x6E1D      	MOVWF       _sn_GoToGT+1 
;FIRMWARE_SYA_ver_1_3_0.c,199 :: 		sn_error = 1;
0x01B2	0x0E01      	MOVLW       1
0x01B4	0x6E1E      	MOVWF       _sn_error 
0x01B6	0x0E00      	MOVLW       0
0x01B8	0x6E1F      	MOVWF       _sn_error+1 
;FIRMWARE_SYA_ver_1_3_0.c,200 :: 		}
L_interrupt24:
;FIRMWARE_SYA_ver_1_3_0.c,201 :: 		if(!SWITCH2){
0x01BA	0xB28F      	BTFSC       PORTC, 1 
0x01BC	0xD004      	BRA         L_interrupt25
;FIRMWARE_SYA_ver_1_3_0.c,202 :: 		sn_GoTo = 1;
0x01BE	0x0E01      	MOVLW       1
0x01C0	0x6E1A      	MOVWF       _sn_GoTo 
0x01C2	0x0E00      	MOVLW       0
0x01C4	0x6E1B      	MOVWF       _sn_GoTo+1 
;FIRMWARE_SYA_ver_1_3_0.c,203 :: 		}
L_interrupt25:
;FIRMWARE_SYA_ver_1_3_0.c,204 :: 		}
0x01C6	0xD006      	BRA         L_interrupt26
L_interrupt23:
;FIRMWARE_SYA_ver_1_3_0.c,206 :: 		sn_PosEdge_3 = 1;
0x01C8	0x802C      	BSF         _sn_PosEdge_3, BitPos(_sn_PosEdge_3+0) 
;FIRMWARE_SYA_ver_1_3_0.c,207 :: 		sn_NegEdge_3 = 0;
0x01CA	0x9E2C      	BCF         _sn_NegEdge_3, BitPos(_sn_NegEdge_3+0) 
;FIRMWARE_SYA_ver_1_3_0.c,208 :: 		next_state = s5;
0x01CC	0x0E05      	MOVLW       5
0x01CE	0x6E2B      	MOVWF       _next_state 
;FIRMWARE_SYA_ver_1_3_0.c,209 :: 		interruptC2 = 0;
0x01D0	0x6A22      	CLRF        _interruptC2 
0x01D2	0x6A23      	CLRF        _interruptC2+1 
;FIRMWARE_SYA_ver_1_3_0.c,210 :: 		}
L_interrupt26:
;FIRMWARE_SYA_ver_1_3_0.c,212 :: 		}
L_interrupt21:
;FIRMWARE_SYA_ver_1_3_0.c,214 :: 		}
L_end_interrupt:
L__interrupt146:
0x01D4	0xF000C019  	MOVFF       25, R0
0x01D8	0xF001C018  	MOVFF       24, R1
0x01DC	0xF00BC017  	MOVFF       23, R11
0x01E0	0xF00CC016  	MOVFF       22, R12
0x01E4	0xF00DC015  	MOVFF       21, R13
0x01E8	0x0011      	RETFIE      1
; end of _interrupt
_InitMCU:
;FIRMWARE_SYA_ver_1_3_0.c,558 :: 		void InitMCU(){
;FIRMWARE_SYA_ver_1_3_0.c,560 :: 		ADCON0 = 0x08; // Desactivamos ADC
0x01EA	0x0E08      	MOVLW       8
0x01EC	0x6E60      	MOVWF       ADCON0 
;FIRMWARE_SYA_ver_1_3_0.c,561 :: 		ANSELC = 0x00;    // Ponemos en modo digital al puerto C
0x01EE	0x010F      	MOVLB       15
0x01F0	0x6B21      	CLRF        ANSELC, 1
;FIRMWARE_SYA_ver_1_3_0.c,562 :: 		ANSELE = 0x00;    //                ''                 E
0x01F2	0x6B2E      	CLRF        ANSELE, 1
;FIRMWARE_SYA_ver_1_3_0.c,563 :: 		ANSELA = 0x00;    //                ''                 A
0x01F4	0x6B11      	CLRF        ANSELA, 1
;FIRMWARE_SYA_ver_1_3_0.c,564 :: 		ANSELD = 0x00;
0x01F6	0x6B26      	CLRF        ANSELD, 1
;FIRMWARE_SYA_ver_1_3_0.c,566 :: 		TRISC = 0x0F;  // Ponemos en modo de entrada a C0, C1, c2 Y c3, los demas como salida
0x01F8	0x0E0F      	MOVLW       15
0x01FA	0x6E8A      	MOVWF       TRISC 
;FIRMWARE_SYA_ver_1_3_0.c,567 :: 		TRISD = 0x07;  // Ponemos en modo de entrada a D0 y D1
0x01FC	0x0E07      	MOVLW       7
0x01FE	0x6E8B      	MOVWF       TRISD 
;FIRMWARE_SYA_ver_1_3_0.c,568 :: 		TRISE = 0x00;  // Ponemos en modo salida al puerto E
0x0200	0x6A8C      	CLRF        TRISE 
;FIRMWARE_SYA_ver_1_3_0.c,569 :: 		TRISA = 0x80;  //                ''                A
0x0202	0x0E80      	MOVLW       128
0x0204	0x6E88      	MOVWF       TRISA 
;FIRMWARE_SYA_ver_1_3_0.c,571 :: 		PORTC = 0x00;  // Ponemos en linea baja en puerto C
0x0206	0x6A8F      	CLRF        PORTC 
;FIRMWARE_SYA_ver_1_3_0.c,572 :: 		PORTD = 0x00;
0x0208	0x6A90      	CLRF        PORTD 
;FIRMWARE_SYA_ver_1_3_0.c,573 :: 		PORTE = 0x00;  //                ''             E
0x020A	0x6A91      	CLRF        PORTE 
;FIRMWARE_SYA_ver_1_3_0.c,574 :: 		PORTA = 0x10;  // Ponemos en linea alta en A4
0x020C	0x0E10      	MOVLW       16
0x020E	0x6E8D      	MOVWF       PORTA 
;FIRMWARE_SYA_ver_1_3_0.c,576 :: 		LATC = 0x00;   // Dejamos en cero el registro del puerto C
0x0210	0x6A85      	CLRF        LATC 
;FIRMWARE_SYA_ver_1_3_0.c,577 :: 		LATD = 0x00;
0x0212	0x6A86      	CLRF        LATD 
;FIRMWARE_SYA_ver_1_3_0.c,578 :: 		LATE = 0x00;   //                ''                      E
0x0214	0x6A87      	CLRF        LATE 
;FIRMWARE_SYA_ver_1_3_0.c,579 :: 		LATA = 0x10;   // Dejamos en 1 al pin A4
0x0216	0x0E10      	MOVLW       16
0x0218	0x6E83      	MOVWF       LATA 
;FIRMWARE_SYA_ver_1_3_0.c,583 :: 		WPUD = 0x07;   // Activamos el pull-up interno de C0 y C1
0x021A	0x0E07      	MOVLW       7
0x021C	0x6F25      	MOVWF       WPUD, 1
;FIRMWARE_SYA_ver_1_3_0.c,584 :: 		INLVLD = 0x07; // Desactivamos valores TTL para C0 y C1 asumiento valores CMOS
0x021E	0x0E07      	MOVLW       7
0x0220	0x6F22      	MOVWF       INLVLD, 1
;FIRMWARE_SYA_ver_1_3_0.c,585 :: 		CM1CON0 = 0x00; // Desactivamos el comparador 1
0x0222	0x6B39      	CLRF        CM1CON0, 1
;FIRMWARE_SYA_ver_1_3_0.c,586 :: 		CM2CON0 = 0x00; // Desactivamos el comparador 2
0x0224	0x6B35      	CLRF        CM2CON0, 1
;FIRMWARE_SYA_ver_1_3_0.c,587 :: 		GT3 = 1;
0x0226	0x882C      	BSF         _GT3, BitPos(_GT3+0) 
;FIRMWARE_SYA_ver_1_3_0.c,588 :: 		GT2 = 0;
0x0228	0x962C      	BCF         _GT2, BitPos(_GT2+0) 
;FIRMWARE_SYA_ver_1_3_0.c,589 :: 		GT1 = 0;
0x022A	0x942C      	BCF         _GT1, BitPos(_GT1+0) 
;FIRMWARE_SYA_ver_1_3_0.c,591 :: 		}
L_end_InitMCU:
0x022C	0x0012      	RETURN      0
; end of _InitMCU
_InitInterrupt:
;FIRMWARE_SYA_ver_1_3_0.c,528 :: 		void InitInterrupt(){
;FIRMWARE_SYA_ver_1_3_0.c,530 :: 		PIE0 = 0x30;    // Enable bit de IOC (Interrupt on Change)
0x022E	0x0E30      	MOVLW       48
0x0230	0x010E      	MOVLB       14
0x0232	0x6FC2      	MOVWF       PIE0, 1
;FIRMWARE_SYA_ver_1_3_0.c,531 :: 		PIR0 = 0x00;    // Limpiamos la bandera de IOC
0x0234	0x6BCA      	CLRF        PIR0, 1
;FIRMWARE_SYA_ver_1_3_0.c,533 :: 		T0CON0 = 0x90;
0x0236	0x0E90      	MOVLW       144
0x0238	0x6ED5      	MOVWF       T0CON0 
;FIRMWARE_SYA_ver_1_3_0.c,534 :: 		T0CON1 = 0x40;
0x023A	0x0E40      	MOVLW       64
0x023C	0x6ED6      	MOVWF       T0CON1 
;FIRMWARE_SYA_ver_1_3_0.c,535 :: 		TMR0H = 0x3C;
0x023E	0x0E3C      	MOVLW       60
0x0240	0x6ED4      	MOVWF       TMR0H 
;FIRMWARE_SYA_ver_1_3_0.c,536 :: 		TMR0L = 0xB0;
0x0242	0x0EB0      	MOVLW       176
0x0244	0x6ED3      	MOVWF       TMR0L 
;FIRMWARE_SYA_ver_1_3_0.c,538 :: 		IOCCN = 0x07;   // Activamos las banderas de IOC en Transicion negativa para C0 y C1
0x0246	0x0E07      	MOVLW       7
0x0248	0x010F      	MOVLB       15
0x024A	0x6F1B      	MOVWF       IOCCN, 1
;FIRMWARE_SYA_ver_1_3_0.c,539 :: 		IOCCP = 0x07;   // Activamos las banderas de IOC en Transicion positiva para C0 y C1
0x024C	0x0E07      	MOVLW       7
0x024E	0x6F1C      	MOVWF       IOCCP, 1
;FIRMWARE_SYA_ver_1_3_0.c,540 :: 		IOCCF = 0x00;   // Limpiamos la bandera de IOC
0x0250	0x6B1A      	CLRF        IOCCF, 1
;FIRMWARE_SYA_ver_1_3_0.c,541 :: 		PIR0.TMR0IF = 0;
0x0252	0x010E      	MOVLB       14
0x0254	0x9BCA      	BCF         PIR0, 5, 1
;FIRMWARE_SYA_ver_1_3_0.c,543 :: 		PIE4 = 0x02;
0x0256	0x0E02      	MOVLW       2
0x0258	0x6FC6      	MOVWF       PIE4, 1
;FIRMWARE_SYA_ver_1_3_0.c,544 :: 		PIR4 = 0x00;
0x025A	0x6BCE      	CLRF        PIR4, 1
;FIRMWARE_SYA_ver_1_3_0.c,546 :: 		T1CON = 0x03;   // ~7, ~6, ![5, 4], ~3, ~2, #1(RD16), #0(ON)
0x025C	0x0E03      	MOVLW       3
0x025E	0x6ECF      	MOVWF       T1CON 
;FIRMWARE_SYA_ver_1_3_0.c,547 :: 		T1GCON = 0x00;  // !7, !6, !5, !4, !3, !2, ~1, ~0
0x0260	0x6AD0      	CLRF        T1GCON 
;FIRMWARE_SYA_ver_1_3_0.c,548 :: 		TMR1CLK = 0x01; // ~7, ~6, ~5, ~4, [!3, !2, !1, #0] = Fosc/4
0x0262	0x0E01      	MOVLW       1
0x0264	0x6ED2      	MOVWF       TMR1CLK 
;FIRMWARE_SYA_ver_1_3_0.c,549 :: 		TMR1 = 0xEC78;   // Timer para
0x0266	0x0E78      	MOVLW       120
0x0268	0x6ECD      	MOVWF       TMR1 
0x026A	0x0EEC      	MOVLW       236
0x026C	0x6ECE      	MOVWF       TMR1+1 
;FIRMWARE_SYA_ver_1_3_0.c,550 :: 		INTCON = 0xC0;  // Activamos bits de interrupt globales (GIE) y por perifericos (PIE)
0x026E	0x0EC0      	MOVLW       192
0x0270	0x6EF2      	MOVWF       INTCON 
;FIRMWARE_SYA_ver_1_3_0.c,552 :: 		}
L_end_InitInterrupt:
0x0272	0x0012      	RETURN      0
; end of _InitInterrupt
_Events:
;FIRMWARE_SYA_ver_1_3_0.c,399 :: 		void Events(){
;FIRMWARE_SYA_ver_1_3_0.c,400 :: 		sn_NegEdge_1 = 0;
0x0274	0x9A2C      	BCF         _sn_NegEdge_1, BitPos(_sn_NegEdge_1+0) 
;FIRMWARE_SYA_ver_1_3_0.c,401 :: 		sn_NegEdge_2 = 0;
0x0276	0x902F      	BCF         _sn_NegEdge_2, BitPos(_sn_NegEdge_2+0) 
;FIRMWARE_SYA_ver_1_3_0.c,402 :: 		sn_NegEdge_3 = 0;
0x0278	0x9E2C      	BCF         _sn_NegEdge_3, BitPos(_sn_NegEdge_3+0) 
;FIRMWARE_SYA_ver_1_3_0.c,403 :: 		sn_PosEdge_1 = 0;
0x027A	0x9C2C      	BCF         _sn_PosEdge_1, BitPos(_sn_PosEdge_1+0) 
;FIRMWARE_SYA_ver_1_3_0.c,404 :: 		sn_PosEdge_2 = 0;
0x027C	0x922C      	BCF         _sn_PosEdge_2, BitPos(_sn_PosEdge_2+0) 
;FIRMWARE_SYA_ver_1_3_0.c,405 :: 		sn_PosEdge_3 = 0;
0x027E	0x902C      	BCF         _sn_PosEdge_3, BitPos(_sn_PosEdge_3+0) 
;FIRMWARE_SYA_ver_1_3_0.c,449 :: 		switch(SWITCH1){
0x0280	0xD041      	BRA         L_Events100
;FIRMWARE_SYA_ver_1_3_0.c,450 :: 		case 0:
L_Events102:
;FIRMWARE_SYA_ver_1_3_0.c,451 :: 		next_state = s1;
0x0282	0x0E01      	MOVLW       1
0x0284	0x6E2B      	MOVWF       _next_state 
;FIRMWARE_SYA_ver_1_3_0.c,452 :: 		switch(SWITCH2){
0x0286	0xD01A      	BRA         L_Events103
;FIRMWARE_SYA_ver_1_3_0.c,453 :: 		case 0:
L_Events105:
;FIRMWARE_SYA_ver_1_3_0.c,454 :: 		next_state = s4;
0x0288	0x0E04      	MOVLW       4
0x028A	0x6E2B      	MOVWF       _next_state 
;FIRMWARE_SYA_ver_1_3_0.c,455 :: 		switch(SWITCH3){
0x028C	0xD006      	BRA         L_Events106
;FIRMWARE_SYA_ver_1_3_0.c,456 :: 		case 0:
L_Events108:
;FIRMWARE_SYA_ver_1_3_0.c,457 :: 		next_state = s5;
0x028E	0x0E05      	MOVLW       5
0x0290	0x6E2B      	MOVWF       _next_state 
;FIRMWARE_SYA_ver_1_3_0.c,458 :: 		break;
0x0292	0xD007      	BRA         L_Events107
;FIRMWARE_SYA_ver_1_3_0.c,459 :: 		case 1:
L_Events109:
;FIRMWARE_SYA_ver_1_3_0.c,460 :: 		next_state = s4;
0x0294	0x0E04      	MOVLW       4
0x0296	0x6E2B      	MOVWF       _next_state 
;FIRMWARE_SYA_ver_1_3_0.c,461 :: 		break;
0x0298	0xD004      	BRA         L_Events107
;FIRMWARE_SYA_ver_1_3_0.c,462 :: 		}
L_Events106:
0x029A	0xA48F      	BTFSS       PORTC, 2 
0x029C	0xD7F8      	BRA         L_Events108
0x029E	0xB48F      	BTFSC       PORTC, 2 
0x02A0	0xD7F9      	BRA         L_Events109
L_Events107:
;FIRMWARE_SYA_ver_1_3_0.c,463 :: 		break;
0x02A2	0xD010      	BRA         L_Events104
;FIRMWARE_SYA_ver_1_3_0.c,464 :: 		case 1:
L_Events110:
;FIRMWARE_SYA_ver_1_3_0.c,465 :: 		switch(SWITCH3){
0x02A4	0xD006      	BRA         L_Events111
;FIRMWARE_SYA_ver_1_3_0.c,466 :: 		case 0:
L_Events113:
;FIRMWARE_SYA_ver_1_3_0.c,467 :: 		next_state = s5;
0x02A6	0x0E05      	MOVLW       5
0x02A8	0x6E2B      	MOVWF       _next_state 
;FIRMWARE_SYA_ver_1_3_0.c,468 :: 		break;
0x02AA	0xD007      	BRA         L_Events112
;FIRMWARE_SYA_ver_1_3_0.c,469 :: 		case 1:
L_Events114:
;FIRMWARE_SYA_ver_1_3_0.c,470 :: 		next_state = s1;
0x02AC	0x0E01      	MOVLW       1
0x02AE	0x6E2B      	MOVWF       _next_state 
;FIRMWARE_SYA_ver_1_3_0.c,471 :: 		break;
0x02B0	0xD004      	BRA         L_Events112
;FIRMWARE_SYA_ver_1_3_0.c,472 :: 		}
L_Events111:
0x02B2	0xA48F      	BTFSS       PORTC, 2 
0x02B4	0xD7F8      	BRA         L_Events113
0x02B6	0xB48F      	BTFSC       PORTC, 2 
0x02B8	0xD7F9      	BRA         L_Events114
L_Events112:
;FIRMWARE_SYA_ver_1_3_0.c,473 :: 		break;
0x02BA	0xD004      	BRA         L_Events104
;FIRMWARE_SYA_ver_1_3_0.c,474 :: 		}
L_Events103:
0x02BC	0xA28F      	BTFSS       PORTC, 1 
0x02BE	0xD7E4      	BRA         L_Events105
0x02C0	0xB28F      	BTFSC       PORTC, 1 
0x02C2	0xD7F0      	BRA         L_Events110
L_Events104:
;FIRMWARE_SYA_ver_1_3_0.c,475 :: 		break;
0x02C4	0xD023      	BRA         L_Events101
;FIRMWARE_SYA_ver_1_3_0.c,476 :: 		case 1:
L_Events115:
;FIRMWARE_SYA_ver_1_3_0.c,477 :: 		switch(SWITCH2){
0x02C6	0xD019      	BRA         L_Events116
;FIRMWARE_SYA_ver_1_3_0.c,478 :: 		case 0:
L_Events118:
;FIRMWARE_SYA_ver_1_3_0.c,479 :: 		next_state = s4;
0x02C8	0x0E04      	MOVLW       4
0x02CA	0x6E2B      	MOVWF       _next_state 
;FIRMWARE_SYA_ver_1_3_0.c,480 :: 		switch(SWITCH3){
0x02CC	0xD006      	BRA         L_Events119
;FIRMWARE_SYA_ver_1_3_0.c,481 :: 		case 0:
L_Events121:
;FIRMWARE_SYA_ver_1_3_0.c,482 :: 		next_state = s5;
0x02CE	0x0E05      	MOVLW       5
0x02D0	0x6E2B      	MOVWF       _next_state 
;FIRMWARE_SYA_ver_1_3_0.c,483 :: 		break;
0x02D2	0xD007      	BRA         L_Events120
;FIRMWARE_SYA_ver_1_3_0.c,484 :: 		case 1:
L_Events122:
;FIRMWARE_SYA_ver_1_3_0.c,485 :: 		next_state = s4;
0x02D4	0x0E04      	MOVLW       4
0x02D6	0x6E2B      	MOVWF       _next_state 
;FIRMWARE_SYA_ver_1_3_0.c,486 :: 		break;
0x02D8	0xD004      	BRA         L_Events120
;FIRMWARE_SYA_ver_1_3_0.c,487 :: 		}
L_Events119:
0x02DA	0xA48F      	BTFSS       PORTC, 2 
0x02DC	0xD7F8      	BRA         L_Events121
0x02DE	0xB48F      	BTFSC       PORTC, 2 
0x02E0	0xD7F9      	BRA         L_Events122
L_Events120:
;FIRMWARE_SYA_ver_1_3_0.c,488 :: 		break;
0x02E2	0xD00F      	BRA         L_Events117
;FIRMWARE_SYA_ver_1_3_0.c,489 :: 		case 1:
L_Events123:
;FIRMWARE_SYA_ver_1_3_0.c,490 :: 		switch(SWITCH3){
0x02E4	0xD005      	BRA         L_Events124
;FIRMWARE_SYA_ver_1_3_0.c,491 :: 		case 0:
L_Events126:
;FIRMWARE_SYA_ver_1_3_0.c,492 :: 		next_state = s5;
0x02E6	0x0E05      	MOVLW       5
0x02E8	0x6E2B      	MOVWF       _next_state 
;FIRMWARE_SYA_ver_1_3_0.c,493 :: 		break;
0x02EA	0xD006      	BRA         L_Events125
;FIRMWARE_SYA_ver_1_3_0.c,494 :: 		case 1:
L_Events127:
;FIRMWARE_SYA_ver_1_3_0.c,495 :: 		next_state = s0;
0x02EC	0x6A2B      	CLRF        _next_state 
;FIRMWARE_SYA_ver_1_3_0.c,496 :: 		break;
0x02EE	0xD004      	BRA         L_Events125
;FIRMWARE_SYA_ver_1_3_0.c,497 :: 		}
L_Events124:
0x02F0	0xA48F      	BTFSS       PORTC, 2 
0x02F2	0xD7F9      	BRA         L_Events126
0x02F4	0xB48F      	BTFSC       PORTC, 2 
0x02F6	0xD7FA      	BRA         L_Events127
L_Events125:
;FIRMWARE_SYA_ver_1_3_0.c,498 :: 		break;
0x02F8	0xD004      	BRA         L_Events117
;FIRMWARE_SYA_ver_1_3_0.c,499 :: 		}
L_Events116:
0x02FA	0xA28F      	BTFSS       PORTC, 1 
0x02FC	0xD7E5      	BRA         L_Events118
0x02FE	0xB28F      	BTFSC       PORTC, 1 
0x0300	0xD7F1      	BRA         L_Events123
L_Events117:
;FIRMWARE_SYA_ver_1_3_0.c,500 :: 		break;
0x0302	0xD004      	BRA         L_Events101
;FIRMWARE_SYA_ver_1_3_0.c,501 :: 		}
L_Events100:
0x0304	0xA08F      	BTFSS       PORTC, 0 
0x0306	0xD7BD      	BRA         L_Events102
0x0308	0xB08F      	BTFSC       PORTC, 0 
0x030A	0xD7DD      	BRA         L_Events115
L_Events101:
;FIRMWARE_SYA_ver_1_3_0.c,508 :: 		return;
;FIRMWARE_SYA_ver_1_3_0.c,510 :: 		}
L_end_Events:
0x030C	0x0012      	RETURN      0
; end of _Events
_FSM:
;FIRMWARE_SYA_ver_1_3_0.c,236 :: 		void FSM(){
;FIRMWARE_SYA_ver_1_3_0.c,237 :: 		switch(current_state){
0x030E	0xD0C9      	BRA         L_FSM29
;FIRMWARE_SYA_ver_1_3_0.c,238 :: 		case s0:
L_FSM31:
;FIRMWARE_SYA_ver_1_3_0.c,239 :: 		M1 = 0;
0x0310	0x9A83      	BCF         LATA, 5 
;FIRMWARE_SYA_ver_1_3_0.c,240 :: 		M2 = 0;
0x0312	0x9087      	BCF         LATE, 0 
;FIRMWARE_SYA_ver_1_3_0.c,241 :: 		M3 = 0;
0x0314	0x9287      	BCF         LATE, 1 
;FIRMWARE_SYA_ver_1_3_0.c,243 :: 		if(1 == sn_PosEdge_1){
0x0316	0xAC2C      	BTFSS       _sn_PosEdge_1, BitPos(_sn_PosEdge_1+0) 
0x0318	0xD003      	BRA         L_FSM32
;FIRMWARE_SYA_ver_1_3_0.c,244 :: 		next_state = s7;
0x031A	0x0E07      	MOVLW       7
0x031C	0x6E2B      	MOVWF       _next_state 
;FIRMWARE_SYA_ver_1_3_0.c,245 :: 		}
0x031E	0xD000      	BRA         L_FSM33
L_FSM32:
;FIRMWARE_SYA_ver_1_3_0.c,247 :: 		}
L_FSM33:
;FIRMWARE_SYA_ver_1_3_0.c,248 :: 		break;
0x0320	0xD0DE      	BRA         L_FSM30
;FIRMWARE_SYA_ver_1_3_0.c,249 :: 		case s1:
L_FSM34:
;FIRMWARE_SYA_ver_1_3_0.c,250 :: 		M1 = 1;
0x0322	0x8A83      	BSF         LATA, 5 
;FIRMWARE_SYA_ver_1_3_0.c,251 :: 		M2 = 0;
0x0324	0x9087      	BCF         LATE, 0 
;FIRMWARE_SYA_ver_1_3_0.c,252 :: 		M3 = 0;
0x0326	0x9287      	BCF         LATE, 1 
;FIRMWARE_SYA_ver_1_3_0.c,253 :: 		GT1 = 1;
0x0328	0x842C      	BSF         _GT1, BitPos(_GT1+0) 
;FIRMWARE_SYA_ver_1_3_0.c,254 :: 		GT2 = 0;
0x032A	0x962C      	BCF         _GT2, BitPos(_GT2+0) 
;FIRMWARE_SYA_ver_1_3_0.c,255 :: 		GT3 = 0;
0x032C	0x982C      	BCF         _GT3, BitPos(_GT3+0) 
;FIRMWARE_SYA_ver_1_3_0.c,256 :: 		if(1 == sn_NegEdge_1){
0x032E	0xAA2C      	BTFSS       _sn_NegEdge_1, BitPos(_sn_NegEdge_1+0) 
0x0330	0xD002      	BRA         L_FSM35
;FIRMWARE_SYA_ver_1_3_0.c,258 :: 		next_state = s0;
0x0332	0x6A2B      	CLRF        _next_state 
;FIRMWARE_SYA_ver_1_3_0.c,259 :: 		}
0x0334	0xD005      	BRA         L_FSM36
L_FSM35:
;FIRMWARE_SYA_ver_1_3_0.c,260 :: 		else if(1 == sn_PosEdge_2){
0x0336	0xA22C      	BTFSS       _sn_PosEdge_2, BitPos(_sn_PosEdge_2+0) 
0x0338	0xD003      	BRA         L_FSM37
;FIRMWARE_SYA_ver_1_3_0.c,261 :: 		next_state = s4;
0x033A	0x0E04      	MOVLW       4
0x033C	0x6E2B      	MOVWF       _next_state 
;FIRMWARE_SYA_ver_1_3_0.c,262 :: 		}
0x033E	0xD000      	BRA         L_FSM38
L_FSM37:
;FIRMWARE_SYA_ver_1_3_0.c,264 :: 		}
L_FSM38:
L_FSM36:
;FIRMWARE_SYA_ver_1_3_0.c,265 :: 		break;
0x0340	0xD0CE      	BRA         L_FSM30
;FIRMWARE_SYA_ver_1_3_0.c,266 :: 		case s2:
L_FSM39:
;FIRMWARE_SYA_ver_1_3_0.c,267 :: 		M1 = 0;
0x0342	0x9A83      	BCF         LATA, 5 
;FIRMWARE_SYA_ver_1_3_0.c,268 :: 		M2 = 1;
0x0344	0x8087      	BSF         LATE, 0 
;FIRMWARE_SYA_ver_1_3_0.c,269 :: 		M3 = 0;
0x0346	0x9287      	BCF         LATE, 1 
;FIRMWARE_SYA_ver_1_3_0.c,270 :: 		GT1 = 0;
0x0348	0x942C      	BCF         _GT1, BitPos(_GT1+0) 
;FIRMWARE_SYA_ver_1_3_0.c,271 :: 		GT2 = 1;
0x034A	0x862C      	BSF         _GT2, BitPos(_GT2+0) 
;FIRMWARE_SYA_ver_1_3_0.c,272 :: 		GT3 = 0;
0x034C	0x982C      	BCF         _GT3, BitPos(_GT3+0) 
;FIRMWARE_SYA_ver_1_3_0.c,273 :: 		if(1 == sn_NegEdge_1){
0x034E	0xAA2C      	BTFSS       _sn_NegEdge_1, BitPos(_sn_NegEdge_1+0) 
0x0350	0xD002      	BRA         L_FSM40
;FIRMWARE_SYA_ver_1_3_0.c,274 :: 		next_state = s0;
0x0352	0x6A2B      	CLRF        _next_state 
;FIRMWARE_SYA_ver_1_3_0.c,275 :: 		}
0x0354	0xD005      	BRA         L_FSM41
L_FSM40:
;FIRMWARE_SYA_ver_1_3_0.c,276 :: 		else if(1 == sn_PosEdge_2){
0x0356	0xA22C      	BTFSS       _sn_PosEdge_2, BitPos(_sn_PosEdge_2+0) 
0x0358	0xD003      	BRA         L_FSM42
;FIRMWARE_SYA_ver_1_3_0.c,277 :: 		next_state = s4;
0x035A	0x0E04      	MOVLW       4
0x035C	0x6E2B      	MOVWF       _next_state 
;FIRMWARE_SYA_ver_1_3_0.c,278 :: 		}
0x035E	0xD000      	BRA         L_FSM43
L_FSM42:
;FIRMWARE_SYA_ver_1_3_0.c,280 :: 		}
L_FSM43:
L_FSM41:
;FIRMWARE_SYA_ver_1_3_0.c,281 :: 		break;
0x0360	0xD0BE      	BRA         L_FSM30
;FIRMWARE_SYA_ver_1_3_0.c,282 :: 		case s3:
L_FSM44:
;FIRMWARE_SYA_ver_1_3_0.c,283 :: 		M1 = 0;
0x0362	0x9A83      	BCF         LATA, 5 
;FIRMWARE_SYA_ver_1_3_0.c,284 :: 		M2 = 0;
0x0364	0x9087      	BCF         LATE, 0 
;FIRMWARE_SYA_ver_1_3_0.c,285 :: 		M3 = 1;
0x0366	0x8287      	BSF         LATE, 1 
;FIRMWARE_SYA_ver_1_3_0.c,286 :: 		GT1 = 0;
0x0368	0x942C      	BCF         _GT1, BitPos(_GT1+0) 
;FIRMWARE_SYA_ver_1_3_0.c,287 :: 		GT2 = 0;
0x036A	0x962C      	BCF         _GT2, BitPos(_GT2+0) 
;FIRMWARE_SYA_ver_1_3_0.c,288 :: 		GT3 = 1;
0x036C	0x882C      	BSF         _GT3, BitPos(_GT3+0) 
;FIRMWARE_SYA_ver_1_3_0.c,289 :: 		if(1 == sn_NegEdge_1){
0x036E	0xAA2C      	BTFSS       _sn_NegEdge_1, BitPos(_sn_NegEdge_1+0) 
0x0370	0xD002      	BRA         L_FSM45
;FIRMWARE_SYA_ver_1_3_0.c,290 :: 		next_state = s0;
0x0372	0x6A2B      	CLRF        _next_state 
;FIRMWARE_SYA_ver_1_3_0.c,291 :: 		}
0x0374	0xD005      	BRA         L_FSM46
L_FSM45:
;FIRMWARE_SYA_ver_1_3_0.c,292 :: 		else if(1 == sn_PosEdge_2){
0x0376	0xA22C      	BTFSS       _sn_PosEdge_2, BitPos(_sn_PosEdge_2+0) 
0x0378	0xD003      	BRA         L_FSM47
;FIRMWARE_SYA_ver_1_3_0.c,293 :: 		next_state = s4;
0x037A	0x0E04      	MOVLW       4
0x037C	0x6E2B      	MOVWF       _next_state 
;FIRMWARE_SYA_ver_1_3_0.c,294 :: 		}
0x037E	0xD000      	BRA         L_FSM48
L_FSM47:
;FIRMWARE_SYA_ver_1_3_0.c,296 :: 		}
L_FSM48:
L_FSM46:
;FIRMWARE_SYA_ver_1_3_0.c,297 :: 		break;
0x0380	0xD0AE      	BRA         L_FSM30
;FIRMWARE_SYA_ver_1_3_0.c,298 :: 		case s4:
L_FSM49:
;FIRMWARE_SYA_ver_1_3_0.c,299 :: 		sn_GoTo = 1;
0x0382	0x0E01      	MOVLW       1
0x0384	0x6E1A      	MOVWF       _sn_GoTo 
0x0386	0x0E00      	MOVLW       0
0x0388	0x6E1B      	MOVWF       _sn_GoTo+1 
;FIRMWARE_SYA_ver_1_3_0.c,300 :: 		if((1 == GT1) && (0 == GT2) && (0 == GT3)){
0x038A	0xA42C      	BTFSS       _GT1, BitPos(_GT1+0) 
0x038C	0xD00A      	BRA         L_FSM52
0x038E	0xB62C      	BTFSC       _GT2, BitPos(_GT2+0) 
0x0390	0xD008      	BRA         L_FSM52
0x0392	0xB82C      	BTFSC       _GT3, BitPos(_GT3+0) 
0x0394	0xD006      	BRA         L_FSM52
L__FSM138:
;FIRMWARE_SYA_ver_1_3_0.c,301 :: 		M1 = 1;
0x0396	0x8A83      	BSF         LATA, 5 
;FIRMWARE_SYA_ver_1_3_0.c,302 :: 		M2 = 1;
0x0398	0x8087      	BSF         LATE, 0 
;FIRMWARE_SYA_ver_1_3_0.c,303 :: 		M3 = 0;
0x039A	0x9287      	BCF         LATE, 1 
;FIRMWARE_SYA_ver_1_3_0.c,304 :: 		GT2 = 0;
0x039C	0x962C      	BCF         _GT2, BitPos(_GT2+0) 
;FIRMWARE_SYA_ver_1_3_0.c,305 :: 		GT3 = 0;
0x039E	0x982C      	BCF         _GT3, BitPos(_GT3+0) 
;FIRMWARE_SYA_ver_1_3_0.c,306 :: 		}
0x03A0	0xD017      	BRA         L_FSM53
L_FSM52:
;FIRMWARE_SYA_ver_1_3_0.c,307 :: 		else if((1 == GT2) && (0 == GT1) && (0 == GT3)){
0x03A2	0xA62C      	BTFSS       _GT2, BitPos(_GT2+0) 
0x03A4	0xD00A      	BRA         L_FSM56
0x03A6	0xB42C      	BTFSC       _GT1, BitPos(_GT1+0) 
0x03A8	0xD008      	BRA         L_FSM56
0x03AA	0xB82C      	BTFSC       _GT3, BitPos(_GT3+0) 
0x03AC	0xD006      	BRA         L_FSM56
L__FSM137:
;FIRMWARE_SYA_ver_1_3_0.c,308 :: 		M1 = 0;
0x03AE	0x9A83      	BCF         LATA, 5 
;FIRMWARE_SYA_ver_1_3_0.c,309 :: 		M2 = 1;
0x03B0	0x8087      	BSF         LATE, 0 
;FIRMWARE_SYA_ver_1_3_0.c,310 :: 		M3 = 1;
0x03B2	0x8287      	BSF         LATE, 1 
;FIRMWARE_SYA_ver_1_3_0.c,311 :: 		GT1 = 0;
0x03B4	0x942C      	BCF         _GT1, BitPos(_GT1+0) 
;FIRMWARE_SYA_ver_1_3_0.c,312 :: 		GT3 = 0;
0x03B6	0x982C      	BCF         _GT3, BitPos(_GT3+0) 
;FIRMWARE_SYA_ver_1_3_0.c,313 :: 		}
0x03B8	0xD00B      	BRA         L_FSM57
L_FSM56:
;FIRMWARE_SYA_ver_1_3_0.c,314 :: 		else if((1 == GT3) && (0 == GT1) && (0 == GT2)){
0x03BA	0xA82C      	BTFSS       _GT3, BitPos(_GT3+0) 
0x03BC	0xD009      	BRA         L_FSM60
0x03BE	0xB42C      	BTFSC       _GT1, BitPos(_GT1+0) 
0x03C0	0xD007      	BRA         L_FSM60
0x03C2	0xB62C      	BTFSC       _GT2, BitPos(_GT2+0) 
0x03C4	0xD005      	BRA         L_FSM60
L__FSM136:
;FIRMWARE_SYA_ver_1_3_0.c,315 :: 		M1 = 1;
0x03C6	0x8A83      	BSF         LATA, 5 
;FIRMWARE_SYA_ver_1_3_0.c,316 :: 		M2 = 0;
0x03C8	0x9087      	BCF         LATE, 0 
;FIRMWARE_SYA_ver_1_3_0.c,317 :: 		M3 = 1;
0x03CA	0x8287      	BSF         LATE, 1 
;FIRMWARE_SYA_ver_1_3_0.c,318 :: 		GT1 = 0;
0x03CC	0x942C      	BCF         _GT1, BitPos(_GT1+0) 
;FIRMWARE_SYA_ver_1_3_0.c,319 :: 		GT2 = 0;
0x03CE	0x962C      	BCF         _GT2, BitPos(_GT2+0) 
;FIRMWARE_SYA_ver_1_3_0.c,320 :: 		}
L_FSM60:
L_FSM57:
L_FSM53:
;FIRMWARE_SYA_ver_1_3_0.c,321 :: 		if(1 == sn_NegEdge_2){
0x03D0	0xA02F      	BTFSS       _sn_NegEdge_2, BitPos(_sn_NegEdge_2+0) 
0x03D2	0xD003      	BRA         L_FSM61
;FIRMWARE_SYA_ver_1_3_0.c,322 :: 		next_state = s7;
0x03D4	0x0E07      	MOVLW       7
0x03D6	0x6E2B      	MOVWF       _next_state 
;FIRMWARE_SYA_ver_1_3_0.c,323 :: 		}
0x03D8	0xD005      	BRA         L_FSM62
L_FSM61:
;FIRMWARE_SYA_ver_1_3_0.c,324 :: 		else if(1 == sn_PosEdge_3){
0x03DA	0xA02C      	BTFSS       _sn_PosEdge_3, BitPos(_sn_PosEdge_3+0) 
0x03DC	0xD003      	BRA         L_FSM63
;FIRMWARE_SYA_ver_1_3_0.c,325 :: 		next_state = s5;
0x03DE	0x0E05      	MOVLW       5
0x03E0	0x6E2B      	MOVWF       _next_state 
;FIRMWARE_SYA_ver_1_3_0.c,326 :: 		}
0x03E2	0xD000      	BRA         L_FSM64
L_FSM63:
;FIRMWARE_SYA_ver_1_3_0.c,328 :: 		}
L_FSM64:
L_FSM62:
;FIRMWARE_SYA_ver_1_3_0.c,329 :: 		break;
0x03E4	0xD07C      	BRA         L_FSM30
;FIRMWARE_SYA_ver_1_3_0.c,330 :: 		case s5:
L_FSM65:
;FIRMWARE_SYA_ver_1_3_0.c,331 :: 		M1 = 1;
0x03E6	0x8A83      	BSF         LATA, 5 
;FIRMWARE_SYA_ver_1_3_0.c,332 :: 		M2 = 1;
0x03E8	0x8087      	BSF         LATE, 0 
;FIRMWARE_SYA_ver_1_3_0.c,333 :: 		M3 = 1;
0x03EA	0x8287      	BSF         LATE, 1 
;FIRMWARE_SYA_ver_1_3_0.c,334 :: 		if(1 == sn_NegEdge_3){
0x03EC	0xAE2C      	BTFSS       _sn_NegEdge_3, BitPos(_sn_NegEdge_3+0) 
0x03EE	0xD003      	BRA         L_FSM66
;FIRMWARE_SYA_ver_1_3_0.c,335 :: 		next_state = s6;
0x03F0	0x0E06      	MOVLW       6
0x03F2	0x6E2B      	MOVWF       _next_state 
;FIRMWARE_SYA_ver_1_3_0.c,336 :: 		}
0x03F4	0xD000      	BRA         L_FSM67
L_FSM66:
;FIRMWARE_SYA_ver_1_3_0.c,338 :: 		}
L_FSM67:
;FIRMWARE_SYA_ver_1_3_0.c,339 :: 		break;
0x03F6	0xD073      	BRA         L_FSM30
;FIRMWARE_SYA_ver_1_3_0.c,340 :: 		case s6:
L_FSM68:
;FIRMWARE_SYA_ver_1_3_0.c,341 :: 		if(sn_GoTo){
0x03F8	0x501A      	MOVF        _sn_GoTo, 0 
0x03FA	0x101B      	IORWF       _sn_GoTo+1, 0 
0x03FC	0xE025      	BZ          L_FSM69
;FIRMWARE_SYA_ver_1_3_0.c,342 :: 		if((1 == GT1) && (0 == GT2) && (0 == GT3)){
0x03FE	0xA42C      	BTFSS       _GT1, BitPos(_GT1+0) 
0x0400	0xD00A      	BRA         L_FSM72
0x0402	0xB62C      	BTFSC       _GT2, BitPos(_GT2+0) 
0x0404	0xD008      	BRA         L_FSM72
0x0406	0xB82C      	BTFSC       _GT3, BitPos(_GT3+0) 
0x0408	0xD006      	BRA         L_FSM72
L__FSM135:
;FIRMWARE_SYA_ver_1_3_0.c,343 :: 		GT2 = 1;
0x040A	0x862C      	BSF         _GT2, BitPos(_GT2+0) 
;FIRMWARE_SYA_ver_1_3_0.c,344 :: 		GT3 = 0;
0x040C	0x982C      	BCF         _GT3, BitPos(_GT3+0) 
;FIRMWARE_SYA_ver_1_3_0.c,345 :: 		GT1 = 0;
0x040E	0x942C      	BCF         _GT1, BitPos(_GT1+0) 
;FIRMWARE_SYA_ver_1_3_0.c,346 :: 		next_state = s4;
0x0410	0x0E04      	MOVLW       4
0x0412	0x6E2B      	MOVWF       _next_state 
;FIRMWARE_SYA_ver_1_3_0.c,347 :: 		}
0x0414	0xD018      	BRA         L_FSM73
L_FSM72:
;FIRMWARE_SYA_ver_1_3_0.c,348 :: 		else if((1 == GT2) && (0 == GT1) && (0 == GT3)){
0x0416	0xA62C      	BTFSS       _GT2, BitPos(_GT2+0) 
0x0418	0xD00A      	BRA         L_FSM76
0x041A	0xB42C      	BTFSC       _GT1, BitPos(_GT1+0) 
0x041C	0xD008      	BRA         L_FSM76
0x041E	0xB82C      	BTFSC       _GT3, BitPos(_GT3+0) 
0x0420	0xD006      	BRA         L_FSM76
L__FSM134:
;FIRMWARE_SYA_ver_1_3_0.c,349 :: 		GT2 = 0;
0x0422	0x962C      	BCF         _GT2, BitPos(_GT2+0) 
;FIRMWARE_SYA_ver_1_3_0.c,350 :: 		GT1 = 0;
0x0424	0x942C      	BCF         _GT1, BitPos(_GT1+0) 
;FIRMWARE_SYA_ver_1_3_0.c,351 :: 		GT3 = 1;
0x0426	0x882C      	BSF         _GT3, BitPos(_GT3+0) 
;FIRMWARE_SYA_ver_1_3_0.c,352 :: 		next_state = s4;
0x0428	0x0E04      	MOVLW       4
0x042A	0x6E2B      	MOVWF       _next_state 
;FIRMWARE_SYA_ver_1_3_0.c,353 :: 		}
0x042C	0xD00C      	BRA         L_FSM77
L_FSM76:
;FIRMWARE_SYA_ver_1_3_0.c,354 :: 		else if((1 == GT3) && (0 == GT1) && (0 == GT2)){
0x042E	0xA82C      	BTFSS       _GT3, BitPos(_GT3+0) 
0x0430	0xD00A      	BRA         L_FSM80
0x0432	0xB42C      	BTFSC       _GT1, BitPos(_GT1+0) 
0x0434	0xD008      	BRA         L_FSM80
0x0436	0xB62C      	BTFSC       _GT2, BitPos(_GT2+0) 
0x0438	0xD006      	BRA         L_FSM80
L__FSM133:
;FIRMWARE_SYA_ver_1_3_0.c,355 :: 		GT1 = 1;
0x043A	0x842C      	BSF         _GT1, BitPos(_GT1+0) 
;FIRMWARE_SYA_ver_1_3_0.c,356 :: 		GT2 = 0;
0x043C	0x962C      	BCF         _GT2, BitPos(_GT2+0) 
;FIRMWARE_SYA_ver_1_3_0.c,357 :: 		GT3 = 0;
0x043E	0x982C      	BCF         _GT3, BitPos(_GT3+0) 
;FIRMWARE_SYA_ver_1_3_0.c,358 :: 		next_state = s4;
0x0440	0x0E04      	MOVLW       4
0x0442	0x6E2B      	MOVWF       _next_state 
;FIRMWARE_SYA_ver_1_3_0.c,359 :: 		}
0x0444	0xD000      	BRA         L_FSM81
L_FSM80:
;FIRMWARE_SYA_ver_1_3_0.c,361 :: 		}
L_FSM81:
L_FSM77:
L_FSM73:
;FIRMWARE_SYA_ver_1_3_0.c,362 :: 		}
0x0446	0xD007      	BRA         L_FSM82
L_FSM69:
;FIRMWARE_SYA_ver_1_3_0.c,363 :: 		else if(sn_error){
0x0448	0x501E      	MOVF        _sn_error, 0 
0x044A	0x101F      	IORWF       _sn_error+1, 0 
0x044C	0xE003      	BZ          L_FSM83
;FIRMWARE_SYA_ver_1_3_0.c,364 :: 		next_state = s7;
0x044E	0x0E07      	MOVLW       7
0x0450	0x6E2B      	MOVWF       _next_state 
;FIRMWARE_SYA_ver_1_3_0.c,365 :: 		}
0x0452	0xD001      	BRA         L_FSM84
L_FSM83:
;FIRMWARE_SYA_ver_1_3_0.c,367 :: 		next_state = s0;
0x0454	0x6A2B      	CLRF        _next_state 
;FIRMWARE_SYA_ver_1_3_0.c,368 :: 		}
L_FSM84:
L_FSM82:
;FIRMWARE_SYA_ver_1_3_0.c,369 :: 		break;
0x0456	0xD043      	BRA         L_FSM30
;FIRMWARE_SYA_ver_1_3_0.c,370 :: 		case s7:
L_FSM85:
;FIRMWARE_SYA_ver_1_3_0.c,371 :: 		clock0 = 0;
0x0458	0x6A2D      	CLRF        _clock0 
0x045A	0x6A2E      	CLRF        _clock0+1 
;FIRMWARE_SYA_ver_1_3_0.c,372 :: 		if(sn_GoToGT){
0x045C	0x501C      	MOVF        _sn_GoToGT, 0 
0x045E	0x101D      	IORWF       _sn_GoToGT+1, 0 
0x0460	0xE01B      	BZ          L_FSM86
;FIRMWARE_SYA_ver_1_3_0.c,373 :: 		if((1 == GT1) && (0 == GT2) && (0 == GT3)){
0x0462	0xA42C      	BTFSS       _GT1, BitPos(_GT1+0) 
0x0464	0xD007      	BRA         L_FSM89
0x0466	0xB62C      	BTFSC       _GT2, BitPos(_GT2+0) 
0x0468	0xD005      	BRA         L_FSM89
0x046A	0xB82C      	BTFSC       _GT3, BitPos(_GT3+0) 
0x046C	0xD003      	BRA         L_FSM89
L__FSM132:
;FIRMWARE_SYA_ver_1_3_0.c,374 :: 		next_state = s2;
0x046E	0x0E02      	MOVLW       2
0x0470	0x6E2B      	MOVWF       _next_state 
;FIRMWARE_SYA_ver_1_3_0.c,375 :: 		}
0x0472	0xD011      	BRA         L_FSM90
L_FSM89:
;FIRMWARE_SYA_ver_1_3_0.c,376 :: 		else if((1 == GT2) && (0 == GT1) && (0 == GT3)){
0x0474	0xA62C      	BTFSS       _GT2, BitPos(_GT2+0) 
0x0476	0xD007      	BRA         L_FSM93
0x0478	0xB42C      	BTFSC       _GT1, BitPos(_GT1+0) 
0x047A	0xD005      	BRA         L_FSM93
0x047C	0xB82C      	BTFSC       _GT3, BitPos(_GT3+0) 
0x047E	0xD003      	BRA         L_FSM93
L__FSM131:
;FIRMWARE_SYA_ver_1_3_0.c,377 :: 		next_state = s3;
0x0480	0x0E03      	MOVLW       3
0x0482	0x6E2B      	MOVWF       _next_state 
;FIRMWARE_SYA_ver_1_3_0.c,378 :: 		}
0x0484	0xD008      	BRA         L_FSM94
L_FSM93:
;FIRMWARE_SYA_ver_1_3_0.c,379 :: 		else if((1 == GT3) && (0 == GT1) && (0 == GT2)){
0x0486	0xA82C      	BTFSS       _GT3, BitPos(_GT3+0) 
0x0488	0xD006      	BRA         L_FSM97
0x048A	0xB42C      	BTFSC       _GT1, BitPos(_GT1+0) 
0x048C	0xD004      	BRA         L_FSM97
0x048E	0xB62C      	BTFSC       _GT2, BitPos(_GT2+0) 
0x0490	0xD002      	BRA         L_FSM97
L__FSM130:
;FIRMWARE_SYA_ver_1_3_0.c,380 :: 		next_state = s1;
0x0492	0x0E01      	MOVLW       1
0x0494	0x6E2B      	MOVWF       _next_state 
;FIRMWARE_SYA_ver_1_3_0.c,381 :: 		}
L_FSM97:
L_FSM94:
L_FSM90:
;FIRMWARE_SYA_ver_1_3_0.c,382 :: 		}
0x0496	0xD001      	BRA         L_FSM98
L_FSM86:
;FIRMWARE_SYA_ver_1_3_0.c,384 :: 		next_state = s0;
0x0498	0x6A2B      	CLRF        _next_state 
;FIRMWARE_SYA_ver_1_3_0.c,385 :: 		}
L_FSM98:
;FIRMWARE_SYA_ver_1_3_0.c,386 :: 		break;
0x049A	0xD021      	BRA         L_FSM30
;FIRMWARE_SYA_ver_1_3_0.c,387 :: 		default:
L_FSM99:
;FIRMWARE_SYA_ver_1_3_0.c,388 :: 		current_state = s0;
0x049C	0x6A2A      	CLRF        _current_state 
;FIRMWARE_SYA_ver_1_3_0.c,389 :: 		next_state = s0;
0x049E	0x6A2B      	CLRF        _next_state 
;FIRMWARE_SYA_ver_1_3_0.c,390 :: 		break;
0x04A0	0xD01E      	BRA         L_FSM30
;FIRMWARE_SYA_ver_1_3_0.c,391 :: 		}
L_FSM29:
0x04A2	0x502A      	MOVF        _current_state, 0 
0x04A4	0x0A00      	XORLW       0
0x04A6	0xB4D8      	BTFSC       STATUS, 2 
0x04A8	0xD733      	BRA         L_FSM31
0x04AA	0x502A      	MOVF        _current_state, 0 
0x04AC	0x0A01      	XORLW       1
0x04AE	0xB4D8      	BTFSC       STATUS, 2 
0x04B0	0xD738      	BRA         L_FSM34
0x04B2	0x502A      	MOVF        _current_state, 0 
0x04B4	0x0A02      	XORLW       2
0x04B6	0xB4D8      	BTFSC       STATUS, 2 
0x04B8	0xD744      	BRA         L_FSM39
0x04BA	0x502A      	MOVF        _current_state, 0 
0x04BC	0x0A03      	XORLW       3
0x04BE	0xB4D8      	BTFSC       STATUS, 2 
0x04C0	0xD750      	BRA         L_FSM44
0x04C2	0x502A      	MOVF        _current_state, 0 
0x04C4	0x0A04      	XORLW       4
0x04C6	0xB4D8      	BTFSC       STATUS, 2 
0x04C8	0xD75C      	BRA         L_FSM49
0x04CA	0x502A      	MOVF        _current_state, 0 
0x04CC	0x0A05      	XORLW       5
0x04CE	0xE08B      	BZ          L_FSM65
0x04D0	0x502A      	MOVF        _current_state, 0 
0x04D2	0x0A06      	XORLW       6
0x04D4	0xE091      	BZ          L_FSM68
0x04D6	0x502A      	MOVF        _current_state, 0 
0x04D8	0x0A07      	XORLW       7
0x04DA	0xE0BE      	BZ          L_FSM85
0x04DC	0xD7DF      	BRA         L_FSM99
L_FSM30:
;FIRMWARE_SYA_ver_1_3_0.c,393 :: 		}
L_end_FSM:
0x04DE	0x0012      	RETURN      0
; end of _FSM
___CC2DW:
;__Lib_System_xxK40.c,22 :: 		
;__Lib_System_xxK40.c,24 :: 		
0x04E0	0x8E81      	BSF         NVMCON1, 7, 0
;__Lib_System_xxK40.c,25 :: 		
_CC2DL_Loop1:
;__Lib_System_xxK40.c,26 :: 		
0x04E2	0x0009      	TBLRD*+
;__Lib_System_xxK40.c,27 :: 		
0x04E4	0xFFE6CFF5  	MOVFF       TABLAT, POSTINC1
;__Lib_System_xxK40.c,28 :: 		
0x04E8	0x0600      	DECF        R0, 1, 0
;__Lib_System_xxK40.c,29 :: 		
0x04EA	0xE1FB      	BNZ         _CC2DL_Loop1
;__Lib_System_xxK40.c,30 :: 		
0x04EC	0x0601      	DECF        R1, 1, 0
;__Lib_System_xxK40.c,31 :: 		
0x04EE	0xE1F9      	BNZ         _CC2DL_Loop1
;__Lib_System_xxK40.c,33 :: 		
L_end___CC2DW:
0x04F0	0x0012      	RETURN      0
; end of ___CC2DW
_InitSystems:
;FIRMWARE_SYA_ver_1_3_0.c,516 :: 		void InitSystems(){
;FIRMWARE_SYA_ver_1_3_0.c,517 :: 		Delay_ms(1000);
0x04F2	0x0E1A      	MOVLW       26
0x04F4	0x6E0B      	MOVWF       R11, 0
0x04F6	0x0E5E      	MOVLW       94
0x04F8	0x6E0C      	MOVWF       R12, 0
0x04FA	0x0E6E      	MOVLW       110
0x04FC	0x6E0D      	MOVWF       R13, 0
L_InitSystems128:
0x04FE	0x2E0D      	DECFSZ      R13, 1, 0
0x0500	0xD7FE      	BRA         L_InitSystems128
0x0502	0x2E0C      	DECFSZ      R12, 1, 0
0x0504	0xD7FC      	BRA         L_InitSystems128
0x0506	0x2E0B      	DECFSZ      R11, 1, 0
0x0508	0xD7FA      	BRA         L_InitSystems128
0x050A	0x0000      	NOP
;FIRMWARE_SYA_ver_1_3_0.c,518 :: 		InitInterrupt();
0x050C	0xDE90      	RCALL       _InitInterrupt
;FIRMWARE_SYA_ver_1_3_0.c,519 :: 		InitMCU();
0x050E	0xDE6D      	RCALL       _InitMCU
;FIRMWARE_SYA_ver_1_3_0.c,520 :: 		Delay_ms(1000);
0x0510	0x0E1A      	MOVLW       26
0x0512	0x6E0B      	MOVWF       R11, 0
0x0514	0x0E5E      	MOVLW       94
0x0516	0x6E0C      	MOVWF       R12, 0
0x0518	0x0E6E      	MOVLW       110
0x051A	0x6E0D      	MOVWF       R13, 0
L_InitSystems129:
0x051C	0x2E0D      	DECFSZ      R13, 1, 0
0x051E	0xD7FE      	BRA         L_InitSystems129
0x0520	0x2E0C      	DECFSZ      R12, 1, 0
0x0522	0xD7FC      	BRA         L_InitSystems129
0x0524	0x2E0B      	DECFSZ      R11, 1, 0
0x0526	0xD7FA      	BRA         L_InitSystems129
0x0528	0x0000      	NOP
;FIRMWARE_SYA_ver_1_3_0.c,521 :: 		Events();
0x052A	0xDEA4      	RCALL       _Events
;FIRMWARE_SYA_ver_1_3_0.c,522 :: 		}
L_end_InitSystems:
0x052C	0x0012      	RETURN      0
; end of _InitSystems
_main:
0x052E	0xF002ECA7  	CALL        1358, 0
;FIRMWARE_SYA_ver_1_3_0.c,220 :: 		void main(){
;FIRMWARE_SYA_ver_1_3_0.c,222 :: 		InitSystems();
0x0532	0xDFDF      	RCALL       _InitSystems
;FIRMWARE_SYA_ver_1_3_0.c,224 :: 		while(1){
L_main27:
;FIRMWARE_SYA_ver_1_3_0.c,226 :: 		current_state = next_state; // Maybe move this with Events
0x0534	0xF02AC02B  	MOVFF       _next_state, _current_state
;FIRMWARE_SYA_ver_1_3_0.c,227 :: 		FSM();
0x0538	0xDEEA      	RCALL       _FSM
;FIRMWARE_SYA_ver_1_3_0.c,228 :: 		}
0x053A	0xD7FC      	BRA         L_main27
;FIRMWARE_SYA_ver_1_3_0.c,230 :: 		}
L_end_main:
0x053C	0xD7FF      	BRA         $+0
; end of _main
0x054E	0xF01AEE10  	LFSR        1, 26
0x0552	0x0E10      	MOVLW       16
0x0554	0x6E00      	MOVWF       R0 
0x0556	0x0E01      	MOVLW       1
0x0558	0x6E01      	MOVWF       R1 
0x055A	0x0E3E      	MOVLW       62
0x055C	0x6EF6      	MOVWF       4086 
0x055E	0x0E05      	MOVLW       5
0x0560	0x6EF7      	MOVWF       TBLPTRH 
0x0562	0x0E00      	MOVLW       0
0x0564	0x6EF8      	MOVWF       TBLPTRU 
0x0566	0xF002EC70  	CALL        1248, 0
0x056A	0x0012      	RETURN      0
;FIRMWARE_SYA_ver_1_3_0.c,0 :: ?ICS_sn_GoTo
0x053E	0x0000 ;?ICS_sn_GoTo+0
; end of ?ICS_sn_GoTo
;FIRMWARE_SYA_ver_1_3_0.c,0 :: ?ICS_sn_GoToGT
0x0540	0x0000 ;?ICS_sn_GoToGT+0
; end of ?ICS_sn_GoToGT
;FIRMWARE_SYA_ver_1_3_0.c,0 :: ?ICS_sn_error
0x0542	0x0000 ;?ICS_sn_error+0
; end of ?ICS_sn_error
;FIRMWARE_SYA_ver_1_3_0.c,0 :: ?ICS_counter
0x0544	0x0000 ;?ICS_counter+0
; end of ?ICS_counter
;FIRMWARE_SYA_ver_1_3_0.c,0 :: ?ICS_interruptC2
0x0546	0x0000 ;?ICS_interruptC2+0
; end of ?ICS_interruptC2
;FIRMWARE_SYA_ver_1_3_0.c,0 :: ?ICS_counter1
0x0548	0x0000 ;?ICS_counter1+0
; end of ?ICS_counter1
;FIRMWARE_SYA_ver_1_3_0.c,0 :: ?ICS_interruptC1
0x054A	0x0000 ;?ICS_interruptC1+0
; end of ?ICS_interruptC1
;FIRMWARE_SYA_ver_1_3_0.c,0 :: ?ICS_interruptC0
0x054C	0x0000 ;?ICS_interruptC0+0
; end of ?ICS_interruptC0
Symbol List:
//** Routines locations **
//ADDRESS    SIZE    PROCEDURE
//----------------------------------------------
0x0008     [482]    _interrupt
0x01EA      [68]    _InitMCU
0x022E      [70]    _InitInterrupt
0x0274     [154]    _Events
0x030E     [466]    _FSM
0x04E0      [18]    ___CC2DW
0x04F2      [60]    _InitSystems
0x052E      [16]    _main
//** Variables locations ** 
//ADDRESS    SIZE    VARIABLE
//----------------------------------------------
0x0000       [1]    R0
0x0001       [1]    R1
0x0002       [1]    R2
0x0003       [1]    R3
0x0004       [1]    R4
0x0005       [1]    R5
0x0006       [1]    R6
0x0007       [1]    R7
0x0008       [1]    R8
0x0009       [1]    R9
0x000A       [1]    R10
0x000B       [1]    R11
0x000C       [1]    R12
0x000D       [1]    R13
0x000E       [1]    R14
0x000F       [1]    R15
0x0010       [1]    R16
0x0011       [1]    R17
0x0012       [1]    R18
0x0013       [1]    R19
0x0014       [1]    R20
0x001A       [2]    _sn_GoTo
0x001C       [2]    _sn_GoToGT
0x001E       [2]    _sn_error
0x0020       [2]    _counter
0x0022       [2]    _interruptC2
0x0024       [2]    _counter1
0x0026       [2]    _interruptC1
0x0028       [2]    _interruptC0
0x002A       [1]    _current_state
0x002B       [1]    _next_state
0x002C       [0]    _sn_PosEdge_1
0x002C       [0]    _sn_PosEdge_2
0x002C       [0]    _sn_PosEdge_3
0x002C       [0]    _sn_NegEdge_3
0x002C       [0]    _sn_NegEdge_1
0x002C       [0]    _GT1
0x002C       [0]    _GT3
0x002C       [0]    _GT2
0x002D       [2]    _clock0
0x002F       [0]    _sn_NegEdge_2
0x0EC2       [1]    PIE0
0x0EC6       [1]    PIE4
0x0ECA       [1]    PIR0
0x0ECE       [1]    PIR4
0x0F11       [1]    ANSELA
0x0F1A       [1]    IOCCF
0x0F1B       [1]    IOCCN
0x0F1C       [1]    IOCCP
0x0F21       [1]    ANSELC
0x0F22       [1]    INLVLD
0x0F25       [1]    WPUD
0x0F26       [1]    ANSELD
0x0F2E       [1]    ANSELE
0x0F35       [1]    CM2CON0
0x0F39       [1]    CM1CON0
0x0F60       [1]    ADCON0
0x0F81       [1]    NVMCON1
0x0F83       [1]    LATA
0x0F85       [1]    LATC
0x0F86       [1]    LATD
0x0F87       [1]    LATE
0x0F88       [1]    TRISA
0x0F8A       [1]    TRISC
0x0F8B       [1]    TRISD
0x0F8C       [1]    TRISE
0x0F8D       [1]    PORTA
0x0F8F       [1]    PORTC
0x0F90       [1]    PORTD
0x0F91       [1]    PORTE
0x0FCD       [1]    TMR1L
0x0FCD       [2]    TMR1
0x0FCE       [1]    TMR1H
0x0FCF       [1]    T1CON
0x0FD0       [1]    T1GCON
0x0FD2       [1]    TMR1CLK
0x0FD3       [1]    TMR0L
0x0FD4       [1]    TMR0H
0x0FD5       [1]    T0CON0
0x0FD6       [1]    T0CON1
0x0FD8       [1]    STATUS
0x0FD9       [1]    FSR2L
0x0FDA       [1]    FSR2H
0x0FDE       [1]    POSTINC2
0x0FE0       [1]    BSR
0x0FE1       [1]    FSR1L
0x0FE2       [1]    FSR1H
0x0FE4       [1]    PREINC1
0x0FE6       [1]    POSTINC1
0x0FE7       [1]    INDF1
0x0FE8       [1]    WREG
0x0FE9       [1]    FSR0L
0x0FEA       [1]    FSR0H
0x0FEE       [1]    POSTINC0
0x0FF2       [1]    INTCON
0x0FF3       [1]    PRODL
0x0FF4       [1]    PRODH
0x0FF5       [1]    TABLAT
0x0FF6       [1]    TBLPTRL
0x0FF7       [1]    TBLPTRH
0x0FF8       [1]    TBLPTRU
//** Constants locations ** 
//ADDRESS    SIZE    CONSTANT
//----------------------------------------------
0x053E       [2]    ?ICS_sn_GoTo
0x0540       [2]    ?ICS_sn_GoToGT
0x0542       [2]    ?ICS_sn_error
0x0544       [2]    ?ICS_counter
0x0546       [2]    ?ICS_interruptC2
0x0548       [2]    ?ICS_counter1
0x054A       [2]    ?ICS_interruptC1
0x054C       [2]    ?ICS_interruptC0
